{"/Users/schopra/Desktop/DailyCode/Learning/Javascript/FrontEndMasters/Advance-React-Patterns/advanced-react-patterns-v2/src/exercises-final/01.js": {"path":"/Users/schopra/Desktop/DailyCode/Learning/Javascript/FrontEndMasters/Advance-React-Patterns/advanced-react-patterns-v2/src/exercises-final/01.js","statementMap":{"0":{"start":{"line":7,"column":4},"end":{"line":12,"column":5}},"1":{"start":{"line":8,"column":17},"end":{"line":8,"column":26}},"2":{"start":{"line":10,"column":8},"end":{"line":10,"column":42}},"3":{"start":{"line":14,"column":17},"end":{"line":14,"column":27}},"4":{"start":{"line":15,"column":4},"end":{"line":15,"column":51}},"5":{"start":{"line":20,"column":26},"end":{"line":20,"column":58}},"6":{"start":{"line":22,"column":2},"end":{"line":22,"column":39}},"7":{"start":{"line":24,"column":0},"end":{"line":24,"column":28}}},"fnMap":{"0":{"name":"(anonymous_0)","decl":{"start":{"line":6,"column":11},"end":{"line":6,"column":12}},"loc":{"start":{"line":7,"column":4},"end":{"line":12,"column":5}},"line":7},"1":{"name":"(anonymous_1)","decl":{"start":{"line":8,"column":6},"end":{"line":8,"column":7}},"loc":{"start":{"line":8,"column":17},"end":{"line":8,"column":26}},"line":8},"2":{"name":"(anonymous_2)","decl":{"start":{"line":9,"column":6},"end":{"line":9,"column":7}},"loc":{"start":{"line":9,"column":12},"end":{"line":11,"column":7}},"line":9},"3":{"name":"(anonymous_3)","decl":{"start":{"line":13,"column":2},"end":{"line":13,"column":3}},"loc":{"start":{"line":13,"column":11},"end":{"line":16,"column":3}},"line":13},"4":{"name":"Usage","decl":{"start":{"line":19,"column":9},"end":{"line":19,"column":14}},"loc":{"start":{"line":21,"column":3},"end":{"line":23,"column":1}},"line":21},"5":{"name":"(anonymous_5)","decl":{"start":{"line":20,"column":13},"end":{"line":20,"column":14}},"loc":{"start":{"line":20,"column":26},"end":{"line":20,"column":58}},"line":20}},"branchMap":{"0":{"loc":{"start":{"line":20,"column":2},"end":{"line":20,"column":58}},"type":"default-arg","locations":[{"start":{"line":20,"column":13},"end":{"line":20,"column":58}}],"line":20}},"s":{"0":1,"1":1,"2":1,"3":2,"4":2,"5":0,"6":1,"7":1},"f":{"0":1,"1":1,"2":1,"3":2,"4":1,"5":0},"b":{"0":[0]},"_coverageSchema":"332fd63041d2c1bcb487cc26dd0d5f7d97098a6c","hash":"0678218e3082c4d882b5a6e7bba37eaff9e1b69a"}
,"/Users/schopra/Desktop/DailyCode/Learning/Javascript/FrontEndMasters/Advance-React-Patterns/advanced-react-patterns-v2/src/exercises-final/02.js": {"path":"/Users/schopra/Desktop/DailyCode/Learning/Javascript/FrontEndMasters/Advance-React-Patterns/advanced-react-patterns-v2/src/exercises-final/02.js","statementMap":{"0":{"start":{"line":7,"column":35},"end":{"line":7,"column":55}},"1":{"start":{"line":8,"column":36},"end":{"line":8,"column":56}},"2":{"start":{"line":10,"column":4},"end":{"line":10,"column":50}},"3":{"start":{"line":14,"column":4},"end":{"line":17,"column":5}},"4":{"start":{"line":15,"column":17},"end":{"line":15,"column":26}},"5":{"start":{"line":16,"column":12},"end":{"line":16,"column":46}},"6":{"start":{"line":19,"column":4},"end":{"line":24,"column":5}},"7":{"start":{"line":20,"column":6},"end":{"line":23,"column":8}},"8":{"start":{"line":29,"column":26},"end":{"line":29,"column":58}},"9":{"start":{"line":31,"column":2},"end":{"line":37,"column":3}},"10":{"start":{"line":39,"column":0},"end":{"line":39,"column":35}}},"fnMap":{"0":{"name":"(anonymous_0)","decl":{"start":{"line":7,"column":14},"end":{"line":7,"column":15}},"loc":{"start":{"line":7,"column":35},"end":{"line":7,"column":55}},"line":7},"1":{"name":"(anonymous_1)","decl":{"start":{"line":8,"column":15},"end":{"line":8,"column":16}},"loc":{"start":{"line":8,"column":36},"end":{"line":8,"column":56}},"line":8},"2":{"name":"(anonymous_2)","decl":{"start":{"line":9,"column":18},"end":{"line":9,"column":19}},"loc":{"start":{"line":10,"column":4},"end":{"line":10,"column":50}},"line":10},"3":{"name":"(anonymous_3)","decl":{"start":{"line":13,"column":11},"end":{"line":13,"column":12}},"loc":{"start":{"line":14,"column":4},"end":{"line":17,"column":5}},"line":14},"4":{"name":"(anonymous_4)","decl":{"start":{"line":15,"column":6},"end":{"line":15,"column":7}},"loc":{"start":{"line":15,"column":17},"end":{"line":15,"column":26}},"line":15},"5":{"name":"(anonymous_5)","decl":{"start":{"line":16,"column":6},"end":{"line":16,"column":7}},"loc":{"start":{"line":16,"column":12},"end":{"line":16,"column":46}},"line":16},"6":{"name":"(anonymous_6)","decl":{"start":{"line":18,"column":2},"end":{"line":18,"column":3}},"loc":{"start":{"line":18,"column":11},"end":{"line":25,"column":3}},"line":18},"7":{"name":"(anonymous_7)","decl":{"start":{"line":19,"column":51},"end":{"line":19,"column":52}},"loc":{"start":{"line":20,"column":6},"end":{"line":23,"column":8}},"line":20},"8":{"name":"Usage","decl":{"start":{"line":28,"column":9},"end":{"line":28,"column":14}},"loc":{"start":{"line":30,"column":3},"end":{"line":38,"column":1}},"line":30},"9":{"name":"(anonymous_9)","decl":{"start":{"line":29,"column":13},"end":{"line":29,"column":14}},"loc":{"start":{"line":29,"column":26},"end":{"line":29,"column":58}},"line":29}},"branchMap":{"0":{"loc":{"start":{"line":7,"column":35},"end":{"line":7,"column":55}},"type":"cond-expr","locations":[{"start":{"line":7,"column":40},"end":{"line":7,"column":48}},{"start":{"line":7,"column":51},"end":{"line":7,"column":55}}],"line":7},"1":{"loc":{"start":{"line":8,"column":36},"end":{"line":8,"column":56}},"type":"cond-expr","locations":[{"start":{"line":8,"column":41},"end":{"line":8,"column":45}},{"start":{"line":8,"column":48},"end":{"line":8,"column":56}}],"line":8},"2":{"loc":{"start":{"line":29,"column":2},"end":{"line":29,"column":58}},"type":"default-arg","locations":[{"start":{"line":29,"column":13},"end":{"line":29,"column":58}}],"line":29}},"s":{"0":2,"1":2,"2":2,"3":1,"4":1,"5":1,"6":2,"7":6,"8":0,"9":1,"10":1},"f":{"0":2,"1":2,"2":2,"3":1,"4":1,"5":1,"6":2,"7":6,"8":1,"9":0},"b":{"0":[1,1],"1":[1,1],"2":[0]},"_coverageSchema":"332fd63041d2c1bcb487cc26dd0d5f7d97098a6c","hash":"373fc8c24b75419daf8e8cb4ef06b8b7e1360bfe"}
,"/Users/schopra/Desktop/DailyCode/Learning/Javascript/FrontEndMasters/Advance-React-Patterns/advanced-react-patterns-v2/src/exercises-final/03.js": {"path":"/Users/schopra/Desktop/DailyCode/Learning/Javascript/FrontEndMasters/Advance-React-Patterns/advanced-react-patterns-v2/src/exercises-final/03.js","statementMap":{"0":{"start":{"line":6,"column":22},"end":{"line":9,"column":2}},"1":{"start":{"line":13,"column":4},"end":{"line":15,"column":29}},"2":{"start":{"line":14,"column":18},"end":{"line":14,"column":38}},"3":{"start":{"line":18,"column":4},"end":{"line":20,"column":29}},"4":{"start":{"line":19,"column":18},"end":{"line":19,"column":38}},"5":{"start":{"line":23,"column":4},"end":{"line":27,"column":29}},"6":{"start":{"line":25,"column":8},"end":{"line":25,"column":54}},"7":{"start":{"line":34,"column":4},"end":{"line":37,"column":5}},"8":{"start":{"line":35,"column":17},"end":{"line":35,"column":26}},"9":{"start":{"line":36,"column":12},"end":{"line":36,"column":46}},"10":{"start":{"line":40,"column":4},"end":{"line":44,"column":5}},"11":{"start":{"line":49,"column":26},"end":{"line":49,"column":58}},"12":{"start":{"line":51,"column":2},"end":{"line":59,"column":3}},"13":{"start":{"line":61,"column":0},"end":{"line":61,"column":44}}},"fnMap":{"0":{"name":"(anonymous_0)","decl":{"start":{"line":8,"column":10},"end":{"line":8,"column":11}},"loc":{"start":{"line":8,"column":16},"end":{"line":8,"column":18}},"line":8},"1":{"name":"(anonymous_1)","decl":{"start":{"line":12,"column":14},"end":{"line":12,"column":15}},"loc":{"start":{"line":13,"column":4},"end":{"line":15,"column":29}},"line":13},"2":{"name":"(anonymous_2)","decl":{"start":{"line":14,"column":7},"end":{"line":14,"column":8}},"loc":{"start":{"line":14,"column":18},"end":{"line":14,"column":38}},"line":14},"3":{"name":"(anonymous_3)","decl":{"start":{"line":17,"column":15},"end":{"line":17,"column":16}},"loc":{"start":{"line":18,"column":4},"end":{"line":20,"column":29}},"line":18},"4":{"name":"(anonymous_4)","decl":{"start":{"line":19,"column":7},"end":{"line":19,"column":8}},"loc":{"start":{"line":19,"column":18},"end":{"line":19,"column":38}},"line":19},"5":{"name":"(anonymous_5)","decl":{"start":{"line":22,"column":18},"end":{"line":22,"column":19}},"loc":{"start":{"line":23,"column":4},"end":{"line":27,"column":29}},"line":23},"6":{"name":"(anonymous_6)","decl":{"start":{"line":24,"column":7},"end":{"line":24,"column":8}},"loc":{"start":{"line":25,"column":8},"end":{"line":25,"column":54}},"line":25},"7":{"name":"(anonymous_7)","decl":{"start":{"line":33,"column":11},"end":{"line":33,"column":12}},"loc":{"start":{"line":34,"column":4},"end":{"line":37,"column":5}},"line":34},"8":{"name":"(anonymous_8)","decl":{"start":{"line":35,"column":6},"end":{"line":35,"column":7}},"loc":{"start":{"line":35,"column":17},"end":{"line":35,"column":26}},"line":35},"9":{"name":"(anonymous_9)","decl":{"start":{"line":36,"column":6},"end":{"line":36,"column":7}},"loc":{"start":{"line":36,"column":12},"end":{"line":36,"column":46}},"line":36},"10":{"name":"(anonymous_10)","decl":{"start":{"line":39,"column":2},"end":{"line":39,"column":3}},"loc":{"start":{"line":39,"column":11},"end":{"line":45,"column":3}},"line":39},"11":{"name":"Usage","decl":{"start":{"line":48,"column":9},"end":{"line":48,"column":14}},"loc":{"start":{"line":50,"column":3},"end":{"line":60,"column":1}},"line":50},"12":{"name":"(anonymous_12)","decl":{"start":{"line":49,"column":13},"end":{"line":49,"column":14}},"loc":{"start":{"line":49,"column":26},"end":{"line":49,"column":58}},"line":49}},"branchMap":{"0":{"loc":{"start":{"line":14,"column":18},"end":{"line":14,"column":38}},"type":"cond-expr","locations":[{"start":{"line":14,"column":23},"end":{"line":14,"column":31}},{"start":{"line":14,"column":34},"end":{"line":14,"column":38}}],"line":14},"1":{"loc":{"start":{"line":19,"column":18},"end":{"line":19,"column":38}},"type":"cond-expr","locations":[{"start":{"line":19,"column":23},"end":{"line":19,"column":27}},{"start":{"line":19,"column":30},"end":{"line":19,"column":38}}],"line":19},"2":{"loc":{"start":{"line":49,"column":2},"end":{"line":49,"column":58}},"type":"default-arg","locations":[{"start":{"line":49,"column":13},"end":{"line":49,"column":58}}],"line":49}},"s":{"0":1,"1":1,"2":2,"3":1,"4":2,"5":1,"6":2,"7":1,"8":1,"9":1,"10":2,"11":0,"12":1,"13":1},"f":{"0":0,"1":1,"2":2,"3":1,"4":2,"5":1,"6":2,"7":1,"8":1,"9":1,"10":2,"11":1,"12":0},"b":{"0":[1,1],"1":[1,1],"2":[0]},"_coverageSchema":"332fd63041d2c1bcb487cc26dd0d5f7d97098a6c","hash":"837e8b5f737277221534e65042a4f397b9a9b42f"}
,"/Users/schopra/Desktop/DailyCode/Learning/Javascript/FrontEndMasters/Advance-React-Patterns/advanced-react-patterns-v2/src/exercises-final/04.js": {"path":"/Users/schopra/Desktop/DailyCode/Learning/Javascript/FrontEndMasters/Advance-React-Patterns/advanced-react-patterns-v2/src/exercises-final/04.js","statementMap":{"0":{"start":{"line":9,"column":4},"end":{"line":12,"column":5}},"1":{"start":{"line":10,"column":17},"end":{"line":10,"column":26}},"2":{"start":{"line":11,"column":12},"end":{"line":11,"column":46}},"3":{"start":{"line":14,"column":4},"end":{"line":17,"column":5}},"4":{"start":{"line":20,"column":4},"end":{"line":20,"column":57}},"5":{"start":{"line":25,"column":26},"end":{"line":25,"column":58}},"6":{"start":{"line":27,"column":2},"end":{"line":40,"column":3}},"7":{"start":{"line":30,"column":8},"end":{"line":37,"column":14}},"8":{"start":{"line":42,"column":0},"end":{"line":42,"column":28}}},"fnMap":{"0":{"name":"(anonymous_0)","decl":{"start":{"line":8,"column":11},"end":{"line":8,"column":12}},"loc":{"start":{"line":9,"column":4},"end":{"line":12,"column":5}},"line":9},"1":{"name":"(anonymous_1)","decl":{"start":{"line":10,"column":6},"end":{"line":10,"column":7}},"loc":{"start":{"line":10,"column":17},"end":{"line":10,"column":26}},"line":10},"2":{"name":"(anonymous_2)","decl":{"start":{"line":11,"column":6},"end":{"line":11,"column":7}},"loc":{"start":{"line":11,"column":12},"end":{"line":11,"column":46}},"line":11},"3":{"name":"(anonymous_3)","decl":{"start":{"line":13,"column":2},"end":{"line":13,"column":3}},"loc":{"start":{"line":13,"column":23},"end":{"line":18,"column":3}},"line":13},"4":{"name":"(anonymous_4)","decl":{"start":{"line":19,"column":2},"end":{"line":19,"column":3}},"loc":{"start":{"line":19,"column":11},"end":{"line":21,"column":3}},"line":19},"5":{"name":"Usage","decl":{"start":{"line":24,"column":9},"end":{"line":24,"column":14}},"loc":{"start":{"line":26,"column":3},"end":{"line":41,"column":1}},"line":26},"6":{"name":"(anonymous_6)","decl":{"start":{"line":25,"column":13},"end":{"line":25,"column":14}},"loc":{"start":{"line":25,"column":26},"end":{"line":25,"column":58}},"line":25},"7":{"name":"(anonymous_7)","decl":{"start":{"line":29,"column":7},"end":{"line":29,"column":8}},"loc":{"start":{"line":30,"column":8},"end":{"line":37,"column":14}},"line":30}},"branchMap":{"0":{"loc":{"start":{"line":25,"column":2},"end":{"line":25,"column":58}},"type":"default-arg","locations":[{"start":{"line":25,"column":13},"end":{"line":25,"column":58}}],"line":25},"1":{"loc":{"start":{"line":31,"column":11},"end":{"line":31,"column":56}},"type":"cond-expr","locations":[{"start":{"line":31,"column":16},"end":{"line":31,"column":34}},{"start":{"line":31,"column":37},"end":{"line":31,"column":56}}],"line":31},"2":{"loc":{"start":{"line":35,"column":13},"end":{"line":35,"column":30}},"type":"cond-expr","locations":[{"start":{"line":35,"column":18},"end":{"line":35,"column":22}},{"start":{"line":35,"column":25},"end":{"line":35,"column":30}}],"line":35}},"s":{"0":2,"1":2,"2":2,"3":4,"4":4,"5":0,"6":2,"7":4,"8":1},"f":{"0":2,"1":2,"2":2,"3":4,"4":4,"5":2,"6":0,"7":4},"b":{"0":[0],"1":[2,2],"2":[2,2]},"_coverageSchema":"332fd63041d2c1bcb487cc26dd0d5f7d97098a6c","hash":"b1114cfd314a2710173c28526f223d707a5320e1"}
,"/Users/schopra/Desktop/DailyCode/Learning/Javascript/FrontEndMasters/Advance-React-Patterns/advanced-react-patterns-v2/src/exercises-final/05.js": {"path":"/Users/schopra/Desktop/DailyCode/Learning/Javascript/FrontEndMasters/Advance-React-Patterns/advanced-react-patterns-v2/src/exercises-final/05.js","statementMap":{"0":{"start":{"line":9,"column":4},"end":{"line":12,"column":5}},"1":{"start":{"line":10,"column":17},"end":{"line":10,"column":26}},"2":{"start":{"line":11,"column":12},"end":{"line":11,"column":46}},"3":{"start":{"line":14,"column":4},"end":{"line":21,"column":5}},"4":{"start":{"line":24,"column":4},"end":{"line":24,"column":57}},"5":{"start":{"line":29,"column":26},"end":{"line":29,"column":58}},"6":{"start":{"line":31,"column":2},"end":{"line":43,"column":3}},"7":{"start":{"line":34,"column":8},"end":{"line":40,"column":14}},"8":{"start":{"line":45,"column":0},"end":{"line":45,"column":32}}},"fnMap":{"0":{"name":"(anonymous_0)","decl":{"start":{"line":8,"column":11},"end":{"line":8,"column":12}},"loc":{"start":{"line":9,"column":4},"end":{"line":12,"column":5}},"line":9},"1":{"name":"(anonymous_1)","decl":{"start":{"line":10,"column":6},"end":{"line":10,"column":7}},"loc":{"start":{"line":10,"column":17},"end":{"line":10,"column":26}},"line":10},"2":{"name":"(anonymous_2)","decl":{"start":{"line":11,"column":6},"end":{"line":11,"column":7}},"loc":{"start":{"line":11,"column":12},"end":{"line":11,"column":46}},"line":11},"3":{"name":"(anonymous_3)","decl":{"start":{"line":13,"column":2},"end":{"line":13,"column":3}},"loc":{"start":{"line":13,"column":23},"end":{"line":22,"column":3}},"line":13},"4":{"name":"(anonymous_4)","decl":{"start":{"line":23,"column":2},"end":{"line":23,"column":3}},"loc":{"start":{"line":23,"column":11},"end":{"line":25,"column":3}},"line":23},"5":{"name":"Usage","decl":{"start":{"line":28,"column":9},"end":{"line":28,"column":14}},"loc":{"start":{"line":30,"column":3},"end":{"line":44,"column":1}},"line":30},"6":{"name":"(anonymous_6)","decl":{"start":{"line":29,"column":13},"end":{"line":29,"column":14}},"loc":{"start":{"line":29,"column":26},"end":{"line":29,"column":58}},"line":29},"7":{"name":"(anonymous_7)","decl":{"start":{"line":33,"column":7},"end":{"line":33,"column":8}},"loc":{"start":{"line":34,"column":8},"end":{"line":40,"column":14}},"line":34}},"branchMap":{"0":{"loc":{"start":{"line":29,"column":2},"end":{"line":29,"column":58}},"type":"default-arg","locations":[{"start":{"line":29,"column":13},"end":{"line":29,"column":58}}],"line":29},"1":{"loc":{"start":{"line":38,"column":13},"end":{"line":38,"column":30}},"type":"cond-expr","locations":[{"start":{"line":38,"column":18},"end":{"line":38,"column":22}},{"start":{"line":38,"column":25},"end":{"line":38,"column":30}}],"line":38}},"s":{"0":2,"1":2,"2":2,"3":4,"4":4,"5":0,"6":2,"7":4,"8":1},"f":{"0":2,"1":2,"2":2,"3":4,"4":4,"5":2,"6":0,"7":4},"b":{"0":[0],"1":[2,2]},"_coverageSchema":"332fd63041d2c1bcb487cc26dd0d5f7d97098a6c","hash":"a680a0bf38fdcb8f160e520f58dd124e2133c7dc"}
,"/Users/schopra/Desktop/DailyCode/Learning/Javascript/FrontEndMasters/Advance-React-Patterns/advanced-react-patterns-v2/src/exercises-final/06.js": {"path":"/Users/schopra/Desktop/DailyCode/Learning/Javascript/FrontEndMasters/Advance-React-Patterns/advanced-react-patterns-v2/src/exercises-final/06.js","statementMap":{"0":{"start":{"line":6,"column":16},"end":{"line":7,"column":38}},"1":{"start":{"line":6,"column":28},"end":{"line":7,"column":38}},"2":{"start":{"line":7,"column":2},"end":{"line":7,"column":38}},"3":{"start":{"line":7,"column":20},"end":{"line":7,"column":37}},"4":{"start":{"line":12,"column":4},"end":{"line":15,"column":5}},"5":{"start":{"line":13,"column":17},"end":{"line":13,"column":26}},"6":{"start":{"line":14,"column":12},"end":{"line":14,"column":46}},"7":{"start":{"line":16,"column":51},"end":{"line":20,"column":3}},"8":{"start":{"line":22,"column":4},"end":{"line":26,"column":5}},"9":{"start":{"line":29,"column":4},"end":{"line":29,"column":57}},"10":{"start":{"line":34,"column":26},"end":{"line":34,"column":58}},"11":{"start":{"line":35,"column":24},"end":{"line":35,"column":52}},"12":{"start":{"line":37,"column":2},"end":{"line":55,"column":3}},"13":{"start":{"line":40,"column":8},"end":{"line":52,"column":14}},"14":{"start":{"line":57,"column":0},"end":{"line":57,"column":28}}},"fnMap":{"0":{"name":"(anonymous_0)","decl":{"start":{"line":6,"column":16},"end":{"line":6,"column":17}},"loc":{"start":{"line":6,"column":28},"end":{"line":7,"column":38}},"line":6},"1":{"name":"(anonymous_1)","decl":{"start":{"line":6,"column":28},"end":{"line":6,"column":29}},"loc":{"start":{"line":7,"column":2},"end":{"line":7,"column":38}},"line":7},"2":{"name":"(anonymous_2)","decl":{"start":{"line":7,"column":14},"end":{"line":7,"column":15}},"loc":{"start":{"line":7,"column":20},"end":{"line":7,"column":37}},"line":7},"3":{"name":"(anonymous_3)","decl":{"start":{"line":11,"column":11},"end":{"line":11,"column":12}},"loc":{"start":{"line":12,"column":4},"end":{"line":15,"column":5}},"line":12},"4":{"name":"(anonymous_4)","decl":{"start":{"line":13,"column":6},"end":{"line":13,"column":7}},"loc":{"start":{"line":13,"column":17},"end":{"line":13,"column":26}},"line":13},"5":{"name":"(anonymous_5)","decl":{"start":{"line":14,"column":6},"end":{"line":14,"column":7}},"loc":{"start":{"line":14,"column":12},"end":{"line":14,"column":46}},"line":14},"6":{"name":"(anonymous_6)","decl":{"start":{"line":16,"column":20},"end":{"line":16,"column":21}},"loc":{"start":{"line":16,"column":51},"end":{"line":20,"column":3}},"line":16},"7":{"name":"(anonymous_7)","decl":{"start":{"line":21,"column":2},"end":{"line":21,"column":3}},"loc":{"start":{"line":21,"column":23},"end":{"line":27,"column":3}},"line":21},"8":{"name":"(anonymous_8)","decl":{"start":{"line":28,"column":2},"end":{"line":28,"column":3}},"loc":{"start":{"line":28,"column":11},"end":{"line":30,"column":3}},"line":28},"9":{"name":"Usage","decl":{"start":{"line":33,"column":9},"end":{"line":33,"column":14}},"loc":{"start":{"line":36,"column":3},"end":{"line":56,"column":1}},"line":36},"10":{"name":"(anonymous_10)","decl":{"start":{"line":34,"column":13},"end":{"line":34,"column":14}},"loc":{"start":{"line":34,"column":26},"end":{"line":34,"column":58}},"line":34},"11":{"name":"(anonymous_11)","decl":{"start":{"line":35,"column":18},"end":{"line":35,"column":19}},"loc":{"start":{"line":35,"column":24},"end":{"line":35,"column":52}},"line":35},"12":{"name":"(anonymous_12)","decl":{"start":{"line":39,"column":7},"end":{"line":39,"column":8}},"loc":{"start":{"line":40,"column":8},"end":{"line":52,"column":14}},"line":40}},"branchMap":{"0":{"loc":{"start":{"line":7,"column":20},"end":{"line":7,"column":37}},"type":"binary-expr","locations":[{"start":{"line":7,"column":20},"end":{"line":7,"column":22}},{"start":{"line":7,"column":26},"end":{"line":7,"column":37}}],"line":7},"1":{"loc":{"start":{"line":16,"column":21},"end":{"line":16,"column":45}},"type":"default-arg","locations":[{"start":{"line":16,"column":43},"end":{"line":16,"column":45}}],"line":16},"2":{"loc":{"start":{"line":34,"column":2},"end":{"line":34,"column":58}},"type":"default-arg","locations":[{"start":{"line":34,"column":13},"end":{"line":34,"column":58}}],"line":34},"3":{"loc":{"start":{"line":35,"column":2},"end":{"line":35,"column":52}},"type":"default-arg","locations":[{"start":{"line":35,"column":18},"end":{"line":35,"column":52}}],"line":35},"4":{"loc":{"start":{"line":50,"column":13},"end":{"line":50,"column":30}},"type":"cond-expr","locations":[{"start":{"line":50,"column":18},"end":{"line":50,"column":22}},{"start":{"line":50,"column":25},"end":{"line":50,"column":30}}],"line":50}},"s":{"0":1,"1":12,"2":3,"3":6,"4":3,"5":3,"6":3,"7":12,"8":6,"9":6,"10":0,"11":0,"12":3,"13":6,"14":1},"f":{"0":12,"1":3,"2":6,"3":3,"4":3,"5":3,"6":12,"7":6,"8":6,"9":3,"10":0,"11":0,"12":6},"b":{"0":[6,5],"1":[0],"2":[0],"3":[0],"4":[3,3]},"_coverageSchema":"332fd63041d2c1bcb487cc26dd0d5f7d97098a6c","hash":"c38ac8bb4ac27abbfa4e54bce8b9288732297685"}
,"/Users/schopra/Desktop/DailyCode/Learning/Javascript/FrontEndMasters/Advance-React-Patterns/advanced-react-patterns-v2/src/exercises-final/07.js": {"path":"/Users/schopra/Desktop/DailyCode/Learning/Javascript/FrontEndMasters/Advance-React-Patterns/advanced-react-patterns-v2/src/exercises-final/07.js","statementMap":{"0":{"start":{"line":6,"column":16},"end":{"line":7,"column":38}},"1":{"start":{"line":6,"column":28},"end":{"line":7,"column":38}},"2":{"start":{"line":7,"column":2},"end":{"line":7,"column":38}},"3":{"start":{"line":7,"column":20},"end":{"line":7,"column":37}},"4":{"start":{"line":17,"column":4},"end":{"line":19,"column":5}},"5":{"start":{"line":18,"column":6},"end":{"line":18,"column":39}},"6":{"start":{"line":21,"column":4},"end":{"line":24,"column":5}},"7":{"start":{"line":22,"column":17},"end":{"line":22,"column":26}},"8":{"start":{"line":23,"column":12},"end":{"line":23,"column":46}},"9":{"start":{"line":25,"column":51},"end":{"line":29,"column":3}},"10":{"start":{"line":31,"column":4},"end":{"line":36,"column":5}},"11":{"start":{"line":39,"column":4},"end":{"line":39,"column":57}},"12":{"start":{"line":45,"column":26},"end":{"line":45,"column":58}},"13":{"start":{"line":46,"column":25},"end":{"line":46,"column":56}},"14":{"start":{"line":48,"column":2},"end":{"line":62,"column":3}},"15":{"start":{"line":55,"column":8},"end":{"line":59,"column":14}},"16":{"start":{"line":58,"column":33},"end":{"line":58,"column":40}},"17":{"start":{"line":64,"column":0},"end":{"line":64,"column":34}}},"fnMap":{"0":{"name":"(anonymous_0)","decl":{"start":{"line":6,"column":16},"end":{"line":6,"column":17}},"loc":{"start":{"line":6,"column":28},"end":{"line":7,"column":38}},"line":6},"1":{"name":"(anonymous_1)","decl":{"start":{"line":6,"column":28},"end":{"line":6,"column":29}},"loc":{"start":{"line":7,"column":2},"end":{"line":7,"column":38}},"line":7},"2":{"name":"(anonymous_2)","decl":{"start":{"line":7,"column":14},"end":{"line":7,"column":15}},"loc":{"start":{"line":7,"column":20},"end":{"line":7,"column":37}},"line":7},"3":{"name":"(anonymous_3)","decl":{"start":{"line":12,"column":13},"end":{"line":12,"column":14}},"loc":{"start":{"line":12,"column":19},"end":{"line":12,"column":21}},"line":12},"4":{"name":"(anonymous_4)","decl":{"start":{"line":16,"column":10},"end":{"line":16,"column":11}},"loc":{"start":{"line":17,"column":4},"end":{"line":19,"column":5}},"line":17},"5":{"name":"(anonymous_5)","decl":{"start":{"line":17,"column":37},"end":{"line":17,"column":38}},"loc":{"start":{"line":18,"column":6},"end":{"line":18,"column":39}},"line":18},"6":{"name":"(anonymous_6)","decl":{"start":{"line":20,"column":11},"end":{"line":20,"column":12}},"loc":{"start":{"line":21,"column":4},"end":{"line":24,"column":5}},"line":21},"7":{"name":"(anonymous_7)","decl":{"start":{"line":22,"column":6},"end":{"line":22,"column":7}},"loc":{"start":{"line":22,"column":17},"end":{"line":22,"column":26}},"line":22},"8":{"name":"(anonymous_8)","decl":{"start":{"line":23,"column":6},"end":{"line":23,"column":7}},"loc":{"start":{"line":23,"column":12},"end":{"line":23,"column":46}},"line":23},"9":{"name":"(anonymous_9)","decl":{"start":{"line":25,"column":20},"end":{"line":25,"column":21}},"loc":{"start":{"line":25,"column":51},"end":{"line":29,"column":3}},"line":25},"10":{"name":"(anonymous_10)","decl":{"start":{"line":30,"column":2},"end":{"line":30,"column":3}},"loc":{"start":{"line":30,"column":23},"end":{"line":37,"column":3}},"line":30},"11":{"name":"(anonymous_11)","decl":{"start":{"line":38,"column":2},"end":{"line":38,"column":3}},"loc":{"start":{"line":38,"column":11},"end":{"line":40,"column":3}},"line":38},"12":{"name":"Usage","decl":{"start":{"line":43,"column":9},"end":{"line":43,"column":14}},"loc":{"start":{"line":47,"column":3},"end":{"line":63,"column":1}},"line":47},"13":{"name":"(anonymous_13)","decl":{"start":{"line":45,"column":13},"end":{"line":45,"column":14}},"loc":{"start":{"line":45,"column":26},"end":{"line":45,"column":58}},"line":45},"14":{"name":"(anonymous_14)","decl":{"start":{"line":46,"column":12},"end":{"line":46,"column":13}},"loc":{"start":{"line":46,"column":25},"end":{"line":46,"column":56}},"line":46},"15":{"name":"(anonymous_15)","decl":{"start":{"line":54,"column":7},"end":{"line":54,"column":8}},"loc":{"start":{"line":55,"column":8},"end":{"line":59,"column":14}},"line":55},"16":{"name":"(anonymous_16)","decl":{"start":{"line":58,"column":27},"end":{"line":58,"column":28}},"loc":{"start":{"line":58,"column":33},"end":{"line":58,"column":40}},"line":58}},"branchMap":{"0":{"loc":{"start":{"line":7,"column":20},"end":{"line":7,"column":37}},"type":"binary-expr","locations":[{"start":{"line":7,"column":20},"end":{"line":7,"column":22}},{"start":{"line":7,"column":26},"end":{"line":7,"column":37}}],"line":7},"1":{"loc":{"start":{"line":25,"column":21},"end":{"line":25,"column":45}},"type":"default-arg","locations":[{"start":{"line":25,"column":43},"end":{"line":25,"column":45}}],"line":25},"2":{"loc":{"start":{"line":44,"column":2},"end":{"line":44,"column":19}},"type":"default-arg","locations":[{"start":{"line":44,"column":14},"end":{"line":44,"column":19}}],"line":44},"3":{"loc":{"start":{"line":45,"column":2},"end":{"line":45,"column":58}},"type":"default-arg","locations":[{"start":{"line":45,"column":13},"end":{"line":45,"column":58}}],"line":45},"4":{"loc":{"start":{"line":46,"column":2},"end":{"line":46,"column":56}},"type":"default-arg","locations":[{"start":{"line":46,"column":12},"end":{"line":46,"column":56}}],"line":46}},"s":{"0":1,"1":5,"2":2,"3":4,"4":1,"5":1,"6":2,"7":2,"8":2,"9":5,"10":5,"11":5,"12":0,"13":0,"14":2,"15":5,"16":1,"17":1},"f":{"0":5,"1":2,"2":4,"3":0,"4":1,"5":1,"6":2,"7":2,"8":2,"9":5,"10":5,"11":5,"12":2,"13":0,"14":0,"15":5,"16":1},"b":{"0":[4,2],"1":[0],"2":[2],"3":[0],"4":[1]},"_coverageSchema":"332fd63041d2c1bcb487cc26dd0d5f7d97098a6c","hash":"4d08ef30907309861a1ea333e34994fe5e54ac45"}
,"/Users/schopra/Desktop/DailyCode/Learning/Javascript/FrontEndMasters/Advance-React-Patterns/advanced-react-patterns-v2/src/exercises-final/08.js": {"path":"/Users/schopra/Desktop/DailyCode/Learning/Javascript/FrontEndMasters/Advance-React-Patterns/advanced-react-patterns-v2/src/exercises-final/08.js","statementMap":{"0":{"start":{"line":6,"column":16},"end":{"line":7,"column":38}},"1":{"start":{"line":6,"column":28},"end":{"line":7,"column":38}},"2":{"start":{"line":7,"column":2},"end":{"line":7,"column":38}},"3":{"start":{"line":7,"column":20},"end":{"line":7,"column":37}},"4":{"start":{"line":13,"column":38},"end":{"line":13,"column":45}},"5":{"start":{"line":18,"column":4},"end":{"line":32,"column":16}},"6":{"start":{"line":21,"column":8},"end":{"line":21,"column":64}},"7":{"start":{"line":25,"column":8},"end":{"line":25,"column":59}},"8":{"start":{"line":29,"column":6},"end":{"line":31,"column":14}},"9":{"start":{"line":35,"column":4},"end":{"line":37,"column":5}},"10":{"start":{"line":36,"column":6},"end":{"line":36,"column":39}},"11":{"start":{"line":39,"column":4},"end":{"line":42,"column":5}},"12":{"start":{"line":40,"column":17},"end":{"line":40,"column":26}},"13":{"start":{"line":41,"column":12},"end":{"line":41,"column":46}},"14":{"start":{"line":43,"column":51},"end":{"line":47,"column":3}},"15":{"start":{"line":49,"column":4},"end":{"line":54,"column":5}},"16":{"start":{"line":57,"column":4},"end":{"line":57,"column":57}},"17":{"start":{"line":63,"column":27},"end":{"line":63,"column":59}},"18":{"start":{"line":64,"column":26},"end":{"line":64,"column":57}},"19":{"start":{"line":69,"column":4},"end":{"line":71,"column":7}},"20":{"start":{"line":69,"column":39},"end":{"line":71,"column":5}},"21":{"start":{"line":72,"column":4},"end":{"line":72,"column":32}},"22":{"start":{"line":75,"column":4},"end":{"line":75,"column":36}},"23":{"start":{"line":76,"column":4},"end":{"line":76,"column":31}},"24":{"start":{"line":79,"column":4},"end":{"line":81,"column":5}},"25":{"start":{"line":80,"column":6},"end":{"line":80,"column":36}},"26":{"start":{"line":82,"column":4},"end":{"line":82,"column":18}},"27":{"start":{"line":85,"column":27},"end":{"line":85,"column":37}},"28":{"start":{"line":86,"column":4},"end":{"line":113,"column":5}},"29":{"start":{"line":93,"column":10},"end":{"line":110,"column":16}},"30":{"start":{"line":116,"column":0},"end":{"line":116,"column":30}}},"fnMap":{"0":{"name":"(anonymous_0)","decl":{"start":{"line":6,"column":16},"end":{"line":6,"column":17}},"loc":{"start":{"line":6,"column":28},"end":{"line":7,"column":38}},"line":6},"1":{"name":"(anonymous_1)","decl":{"start":{"line":6,"column":28},"end":{"line":6,"column":29}},"loc":{"start":{"line":7,"column":2},"end":{"line":7,"column":38}},"line":7},"2":{"name":"(anonymous_2)","decl":{"start":{"line":7,"column":14},"end":{"line":7,"column":15}},"loc":{"start":{"line":7,"column":20},"end":{"line":7,"column":37}},"line":7},"3":{"name":"(anonymous_3)","decl":{"start":{"line":12,"column":13},"end":{"line":12,"column":14}},"loc":{"start":{"line":12,"column":19},"end":{"line":12,"column":21}},"line":12},"4":{"name":"(anonymous_4)","decl":{"start":{"line":13,"column":18},"end":{"line":13,"column":19}},"loc":{"start":{"line":13,"column":38},"end":{"line":13,"column":45}},"line":13},"5":{"name":"(anonymous_5)","decl":{"start":{"line":17,"column":2},"end":{"line":17,"column":3}},"loc":{"start":{"line":17,"column":38},"end":{"line":33,"column":3}},"line":17},"6":{"name":"(anonymous_6)","decl":{"start":{"line":18,"column":18},"end":{"line":18,"column":19}},"loc":{"start":{"line":18,"column":27},"end":{"line":32,"column":5}},"line":18},"7":{"name":"(anonymous_7)","decl":{"start":{"line":34,"column":10},"end":{"line":34,"column":11}},"loc":{"start":{"line":35,"column":4},"end":{"line":37,"column":5}},"line":35},"8":{"name":"(anonymous_8)","decl":{"start":{"line":35,"column":45},"end":{"line":35,"column":46}},"loc":{"start":{"line":36,"column":6},"end":{"line":36,"column":39}},"line":36},"9":{"name":"(anonymous_9)","decl":{"start":{"line":38,"column":11},"end":{"line":38,"column":12}},"loc":{"start":{"line":39,"column":4},"end":{"line":42,"column":5}},"line":39},"10":{"name":"(anonymous_10)","decl":{"start":{"line":40,"column":6},"end":{"line":40,"column":7}},"loc":{"start":{"line":40,"column":17},"end":{"line":40,"column":26}},"line":40},"11":{"name":"(anonymous_11)","decl":{"start":{"line":41,"column":6},"end":{"line":41,"column":7}},"loc":{"start":{"line":41,"column":12},"end":{"line":41,"column":46}},"line":41},"12":{"name":"(anonymous_12)","decl":{"start":{"line":43,"column":20},"end":{"line":43,"column":21}},"loc":{"start":{"line":43,"column":51},"end":{"line":47,"column":3}},"line":43},"13":{"name":"(anonymous_13)","decl":{"start":{"line":48,"column":2},"end":{"line":48,"column":3}},"loc":{"start":{"line":48,"column":23},"end":{"line":55,"column":3}},"line":48},"14":{"name":"(anonymous_14)","decl":{"start":{"line":56,"column":2},"end":{"line":56,"column":3}},"loc":{"start":{"line":56,"column":11},"end":{"line":58,"column":3}},"line":56},"15":{"name":"(anonymous_15)","decl":{"start":{"line":63,"column":14},"end":{"line":63,"column":15}},"loc":{"start":{"line":63,"column":27},"end":{"line":63,"column":59}},"line":63},"16":{"name":"(anonymous_16)","decl":{"start":{"line":64,"column":13},"end":{"line":64,"column":14}},"loc":{"start":{"line":64,"column":26},"end":{"line":64,"column":57}},"line":64},"17":{"name":"(anonymous_17)","decl":{"start":{"line":68,"column":17},"end":{"line":68,"column":18}},"loc":{"start":{"line":68,"column":30},"end":{"line":73,"column":3}},"line":68},"18":{"name":"(anonymous_18)","decl":{"start":{"line":69,"column":18},"end":{"line":69,"column":19}},"loc":{"start":{"line":69,"column":39},"end":{"line":71,"column":5}},"line":69},"19":{"name":"(anonymous_19)","decl":{"start":{"line":74,"column":16},"end":{"line":74,"column":17}},"loc":{"start":{"line":74,"column":29},"end":{"line":77,"column":3}},"line":74},"20":{"name":"(anonymous_20)","decl":{"start":{"line":78,"column":23},"end":{"line":78,"column":24}},"loc":{"start":{"line":78,"column":43},"end":{"line":83,"column":3}},"line":78},"21":{"name":"(anonymous_21)","decl":{"start":{"line":84,"column":2},"end":{"line":84,"column":3}},"loc":{"start":{"line":84,"column":11},"end":{"line":114,"column":3}},"line":84},"22":{"name":"(anonymous_22)","decl":{"start":{"line":92,"column":9},"end":{"line":92,"column":10}},"loc":{"start":{"line":93,"column":10},"end":{"line":110,"column":16}},"line":93}},"branchMap":{"0":{"loc":{"start":{"line":7,"column":20},"end":{"line":7,"column":37}},"type":"binary-expr","locations":[{"start":{"line":7,"column":20},"end":{"line":7,"column":22}},{"start":{"line":7,"column":26},"end":{"line":7,"column":37}}],"line":7},"1":{"loc":{"start":{"line":21,"column":8},"end":{"line":21,"column":64}},"type":"cond-expr","locations":[{"start":{"line":21,"column":40},"end":{"line":21,"column":54}},{"start":{"line":21,"column":57},"end":{"line":21,"column":64}}],"line":21},"2":{"loc":{"start":{"line":25,"column":8},"end":{"line":25,"column":59}},"type":"binary-expr","locations":[{"start":{"line":25,"column":8},"end":{"line":25,"column":53}},{"start":{"line":25,"column":57},"end":{"line":25,"column":59}}],"line":25},"3":{"loc":{"start":{"line":29,"column":13},"end":{"line":31,"column":14}},"type":"cond-expr","locations":[{"start":{"line":30,"column":10},"end":{"line":30,"column":24}},{"start":{"line":31,"column":10},"end":{"line":31,"column":14}}],"line":29},"4":{"loc":{"start":{"line":43,"column":21},"end":{"line":43,"column":45}},"type":"default-arg","locations":[{"start":{"line":43,"column":43},"end":{"line":43,"column":45}}],"line":43},"5":{"loc":{"start":{"line":79,"column":4},"end":{"line":81,"column":5}},"type":"if","locations":[{"start":{"line":79,"column":4},"end":{"line":81,"column":5}},{"start":{"line":79,"column":4},"end":{"line":81,"column":5}}],"line":79},"6":{"loc":{"start":{"line":99,"column":13},"end":{"line":108,"column":20}},"type":"cond-expr","locations":[{"start":{"line":100,"column":14},"end":{"line":103,"column":20}},{"start":{"line":104,"column":16},"end":{"line":108,"column":20}}],"line":99},"7":{"loc":{"start":{"line":104,"column":16},"end":{"line":108,"column":20}},"type":"cond-expr","locations":[{"start":{"line":105,"column":14},"end":{"line":107,"column":20}},{"start":{"line":108,"column":16},"end":{"line":108,"column":20}}],"line":104}},"s":{"0":1,"1":20,"2":8,"3":16,"4":0,"5":9,"6":9,"7":9,"8":9,"9":1,"10":1,"11":8,"12":8,"13":8,"14":20,"15":20,"16":20,"17":0,"18":0,"19":8,"20":8,"21":8,"22":1,"23":1,"24":9,"25":3,"26":6,"27":11,"28":11,"29":20,"30":1},"f":{"0":20,"1":8,"2":16,"3":0,"4":0,"5":9,"6":9,"7":1,"8":1,"9":8,"10":8,"11":8,"12":20,"13":20,"14":20,"15":0,"16":0,"17":8,"18":8,"19":1,"20":9,"21":11,"22":20},"b":{"0":[16,8],"1":[8,1],"2":[9,0],"3":[9,0],"4":[0],"5":[3,6],"6":[4,16],"7":[10,6]},"_coverageSchema":"332fd63041d2c1bcb487cc26dd0d5f7d97098a6c","hash":"28fe49d578b0f6f42c1bc20be601abd6230ca6d7"}
,"/Users/schopra/Desktop/DailyCode/Learning/Javascript/FrontEndMasters/Advance-React-Patterns/advanced-react-patterns-v2/src/exercises-final/09.js": {"path":"/Users/schopra/Desktop/DailyCode/Learning/Javascript/FrontEndMasters/Advance-React-Patterns/advanced-react-patterns-v2/src/exercises-final/09.js","statementMap":{"0":{"start":{"line":6,"column":16},"end":{"line":7,"column":38}},"1":{"start":{"line":6,"column":28},"end":{"line":7,"column":38}},"2":{"start":{"line":7,"column":2},"end":{"line":7,"column":38}},"3":{"start":{"line":7,"column":20},"end":{"line":7,"column":37}},"4":{"start":{"line":13,"column":38},"end":{"line":13,"column":45}},"5":{"start":{"line":26,"column":4},"end":{"line":40,"column":16}},"6":{"start":{"line":29,"column":8},"end":{"line":29,"column":64}},"7":{"start":{"line":33,"column":8},"end":{"line":33,"column":59}},"8":{"start":{"line":36,"column":50},"end":{"line":36,"column":64}},"9":{"start":{"line":39,"column":6},"end":{"line":39,"column":65}},"10":{"start":{"line":44,"column":4},"end":{"line":47,"column":5}},"11":{"start":{"line":46,"column":12},"end":{"line":46,"column":45}},"12":{"start":{"line":49,"column":4},"end":{"line":52,"column":5}},"13":{"start":{"line":50,"column":17},"end":{"line":50,"column":32}},"14":{"start":{"line":51,"column":12},"end":{"line":51,"column":46}},"15":{"start":{"line":53,"column":51},"end":{"line":57,"column":3}},"16":{"start":{"line":54,"column":36},"end":{"line":54,"column":49}},"17":{"start":{"line":59,"column":4},"end":{"line":64,"column":5}},"18":{"start":{"line":67,"column":4},"end":{"line":67,"column":57}},"19":{"start":{"line":73,"column":27},"end":{"line":73,"column":59}},"20":{"start":{"line":74,"column":26},"end":{"line":74,"column":57}},"21":{"start":{"line":79,"column":4},"end":{"line":81,"column":7}},"22":{"start":{"line":79,"column":39},"end":{"line":81,"column":5}},"23":{"start":{"line":82,"column":4},"end":{"line":82,"column":32}},"24":{"start":{"line":85,"column":4},"end":{"line":85,"column":36}},"25":{"start":{"line":86,"column":4},"end":{"line":86,"column":31}},"26":{"start":{"line":89,"column":4},"end":{"line":91,"column":5}},"27":{"start":{"line":90,"column":6},"end":{"line":90,"column":20}},"28":{"start":{"line":92,"column":4},"end":{"line":94,"column":5}},"29":{"start":{"line":93,"column":6},"end":{"line":93,"column":36}},"30":{"start":{"line":95,"column":4},"end":{"line":95,"column":18}},"31":{"start":{"line":98,"column":27},"end":{"line":98,"column":37}},"32":{"start":{"line":99,"column":4},"end":{"line":131,"column":5}},"33":{"start":{"line":107,"column":10},"end":{"line":128,"column":16}},"34":{"start":{"line":117,"column":39},"end":{"line":117,"column":63}},"35":{"start":{"line":134,"column":0},"end":{"line":134,"column":50}}},"fnMap":{"0":{"name":"(anonymous_0)","decl":{"start":{"line":6,"column":16},"end":{"line":6,"column":17}},"loc":{"start":{"line":6,"column":28},"end":{"line":7,"column":38}},"line":6},"1":{"name":"(anonymous_1)","decl":{"start":{"line":6,"column":28},"end":{"line":6,"column":29}},"loc":{"start":{"line":7,"column":2},"end":{"line":7,"column":38}},"line":7},"2":{"name":"(anonymous_2)","decl":{"start":{"line":7,"column":14},"end":{"line":7,"column":15}},"loc":{"start":{"line":7,"column":20},"end":{"line":7,"column":37}},"line":7},"3":{"name":"(anonymous_3)","decl":{"start":{"line":12,"column":13},"end":{"line":12,"column":14}},"loc":{"start":{"line":12,"column":19},"end":{"line":12,"column":21}},"line":12},"4":{"name":"(anonymous_4)","decl":{"start":{"line":13,"column":18},"end":{"line":13,"column":19}},"loc":{"start":{"line":13,"column":38},"end":{"line":13,"column":45}},"line":13},"5":{"name":"(anonymous_5)","decl":{"start":{"line":25,"column":2},"end":{"line":25,"column":3}},"loc":{"start":{"line":25,"column":38},"end":{"line":41,"column":3}},"line":25},"6":{"name":"(anonymous_6)","decl":{"start":{"line":26,"column":18},"end":{"line":26,"column":19}},"loc":{"start":{"line":26,"column":27},"end":{"line":40,"column":5}},"line":26},"7":{"name":"(anonymous_7)","decl":{"start":{"line":43,"column":10},"end":{"line":43,"column":11}},"loc":{"start":{"line":44,"column":4},"end":{"line":47,"column":5}},"line":44},"8":{"name":"(anonymous_8)","decl":{"start":{"line":46,"column":6},"end":{"line":46,"column":7}},"loc":{"start":{"line":46,"column":12},"end":{"line":46,"column":45}},"line":46},"9":{"name":"(anonymous_9)","decl":{"start":{"line":48,"column":11},"end":{"line":48,"column":12}},"loc":{"start":{"line":49,"column":4},"end":{"line":52,"column":5}},"line":49},"10":{"name":"(anonymous_10)","decl":{"start":{"line":50,"column":6},"end":{"line":50,"column":7}},"loc":{"start":{"line":50,"column":17},"end":{"line":50,"column":32}},"line":50},"11":{"name":"(anonymous_11)","decl":{"start":{"line":51,"column":6},"end":{"line":51,"column":7}},"loc":{"start":{"line":51,"column":12},"end":{"line":51,"column":46}},"line":51},"12":{"name":"(anonymous_12)","decl":{"start":{"line":53,"column":20},"end":{"line":53,"column":21}},"loc":{"start":{"line":53,"column":51},"end":{"line":57,"column":3}},"line":53},"13":{"name":"(anonymous_13)","decl":{"start":{"line":54,"column":30},"end":{"line":54,"column":31}},"loc":{"start":{"line":54,"column":36},"end":{"line":54,"column":49}},"line":54},"14":{"name":"(anonymous_14)","decl":{"start":{"line":58,"column":2},"end":{"line":58,"column":3}},"loc":{"start":{"line":58,"column":23},"end":{"line":65,"column":3}},"line":58},"15":{"name":"(anonymous_15)","decl":{"start":{"line":66,"column":2},"end":{"line":66,"column":3}},"loc":{"start":{"line":66,"column":11},"end":{"line":68,"column":3}},"line":66},"16":{"name":"(anonymous_16)","decl":{"start":{"line":73,"column":14},"end":{"line":73,"column":15}},"loc":{"start":{"line":73,"column":27},"end":{"line":73,"column":59}},"line":73},"17":{"name":"(anonymous_17)","decl":{"start":{"line":74,"column":13},"end":{"line":74,"column":14}},"loc":{"start":{"line":74,"column":26},"end":{"line":74,"column":57}},"line":74},"18":{"name":"(anonymous_18)","decl":{"start":{"line":78,"column":17},"end":{"line":78,"column":18}},"loc":{"start":{"line":78,"column":30},"end":{"line":83,"column":3}},"line":78},"19":{"name":"(anonymous_19)","decl":{"start":{"line":79,"column":18},"end":{"line":79,"column":19}},"loc":{"start":{"line":79,"column":39},"end":{"line":81,"column":5}},"line":79},"20":{"name":"(anonymous_20)","decl":{"start":{"line":84,"column":16},"end":{"line":84,"column":17}},"loc":{"start":{"line":84,"column":29},"end":{"line":87,"column":3}},"line":84},"21":{"name":"(anonymous_21)","decl":{"start":{"line":88,"column":23},"end":{"line":88,"column":24}},"loc":{"start":{"line":88,"column":43},"end":{"line":96,"column":3}},"line":88},"22":{"name":"(anonymous_22)","decl":{"start":{"line":97,"column":2},"end":{"line":97,"column":3}},"loc":{"start":{"line":97,"column":11},"end":{"line":132,"column":3}},"line":97},"23":{"name":"(anonymous_23)","decl":{"start":{"line":106,"column":9},"end":{"line":106,"column":10}},"loc":{"start":{"line":107,"column":10},"end":{"line":128,"column":16}},"line":107},"24":{"name":"(anonymous_24)","decl":{"start":{"line":117,"column":33},"end":{"line":117,"column":34}},"loc":{"start":{"line":117,"column":39},"end":{"line":117,"column":63}},"line":117}},"branchMap":{"0":{"loc":{"start":{"line":7,"column":20},"end":{"line":7,"column":37}},"type":"binary-expr","locations":[{"start":{"line":7,"column":20},"end":{"line":7,"column":22}},{"start":{"line":7,"column":26},"end":{"line":7,"column":37}}],"line":7},"1":{"loc":{"start":{"line":29,"column":8},"end":{"line":29,"column":64}},"type":"cond-expr","locations":[{"start":{"line":29,"column":40},"end":{"line":29,"column":54}},{"start":{"line":29,"column":57},"end":{"line":29,"column":64}}],"line":29},"2":{"loc":{"start":{"line":33,"column":8},"end":{"line":33,"column":59}},"type":"binary-expr","locations":[{"start":{"line":33,"column":8},"end":{"line":33,"column":53}},{"start":{"line":33,"column":57},"end":{"line":33,"column":59}}],"line":33},"3":{"loc":{"start":{"line":39,"column":13},"end":{"line":39,"column":65}},"type":"cond-expr","locations":[{"start":{"line":39,"column":47},"end":{"line":39,"column":58}},{"start":{"line":39,"column":61},"end":{"line":39,"column":65}}],"line":39},"4":{"loc":{"start":{"line":48,"column":12},"end":{"line":48,"column":56}},"type":"default-arg","locations":[{"start":{"line":48,"column":54},"end":{"line":48,"column":56}}],"line":48},"5":{"loc":{"start":{"line":48,"column":13},"end":{"line":48,"column":50}},"type":"default-arg","locations":[{"start":{"line":48,"column":20},"end":{"line":48,"column":50}}],"line":48},"6":{"loc":{"start":{"line":53,"column":21},"end":{"line":53,"column":45}},"type":"default-arg","locations":[{"start":{"line":53,"column":43},"end":{"line":53,"column":45}}],"line":53},"7":{"loc":{"start":{"line":89,"column":4},"end":{"line":91,"column":5}},"type":"if","locations":[{"start":{"line":89,"column":4},"end":{"line":91,"column":5}},{"start":{"line":89,"column":4},"end":{"line":91,"column":5}}],"line":89},"8":{"loc":{"start":{"line":92,"column":4},"end":{"line":94,"column":5}},"type":"if","locations":[{"start":{"line":92,"column":4},"end":{"line":94,"column":5}},{"start":{"line":92,"column":4},"end":{"line":94,"column":5}}],"line":92},"9":{"loc":{"start":{"line":113,"column":13},"end":{"line":126,"column":20}},"type":"cond-expr","locations":[{"start":{"line":114,"column":14},"end":{"line":121,"column":20}},{"start":{"line":122,"column":16},"end":{"line":126,"column":20}}],"line":113},"10":{"loc":{"start":{"line":122,"column":16},"end":{"line":126,"column":20}},"type":"cond-expr","locations":[{"start":{"line":123,"column":14},"end":{"line":125,"column":20}},{"start":{"line":126,"column":16},"end":{"line":126,"column":20}}],"line":122}},"s":{"0":1,"1":22,"2":8,"3":16,"4":0,"5":10,"6":10,"7":10,"8":10,"9":10,"10":1,"11":1,"12":9,"13":9,"14":9,"15":22,"16":8,"17":22,"18":22,"19":0,"20":0,"21":9,"22":9,"23":9,"24":1,"25":1,"26":10,"27":1,"28":9,"29":3,"30":6,"31":12,"32":12,"33":22,"34":1,"35":1},"f":{"0":22,"1":8,"2":16,"3":0,"4":0,"5":10,"6":10,"7":1,"8":1,"9":9,"10":9,"11":9,"12":22,"13":8,"14":22,"15":22,"16":0,"17":0,"18":9,"19":9,"20":1,"21":10,"22":12,"23":22,"24":1},"b":{"0":[16,8],"1":[9,1],"2":[10,0],"3":[10,0],"4":[8],"5":[8],"6":[0],"7":[1,9],"8":[3,6],"9":[6,16],"10":[10,6]},"_coverageSchema":"332fd63041d2c1bcb487cc26dd0d5f7d97098a6c","hash":"188973cfa481a9492b758e8d66b0205f9b7f4974"}
,"/Users/schopra/Desktop/DailyCode/Learning/Javascript/FrontEndMasters/Advance-React-Patterns/advanced-react-patterns-v2/src/exercises-final/10-primer.js": {"path":"/Users/schopra/Desktop/DailyCode/Learning/Javascript/FrontEndMasters/Advance-React-Patterns/advanced-react-patterns-v2/src/exercises-final/10-primer.js","statementMap":{"0":{"start":{"line":9,"column":4},"end":{"line":9,"column":38}},"1":{"start":{"line":12,"column":4},"end":{"line":14,"column":5}},"2":{"start":{"line":17,"column":4},"end":{"line":26,"column":5}},"3":{"start":{"line":18,"column":6},"end":{"line":18,"column":46}},"4":{"start":{"line":20,"column":6},"end":{"line":25,"column":7}},"5":{"start":{"line":21,"column":19},"end":{"line":21,"column":28}},"6":{"start":{"line":23,"column":10},"end":{"line":23,"column":49}},"7":{"start":{"line":29,"column":17},"end":{"line":29,"column":32}},"8":{"start":{"line":30,"column":4},"end":{"line":30,"column":51}},"9":{"start":{"line":37,"column":4},"end":{"line":37,"column":31}},"10":{"start":{"line":40,"column":21},"end":{"line":40,"column":31}},"11":{"start":{"line":41,"column":37},"end":{"line":41,"column":47}},"12":{"start":{"line":42,"column":4},"end":{"line":55,"column":5}},"13":{"start":{"line":58,"column":0},"end":{"line":58,"column":38}}},"fnMap":{"0":{"name":"(anonymous_0)","decl":{"start":{"line":8,"column":2},"end":{"line":8,"column":3}},"loc":{"start":{"line":8,"column":19},"end":{"line":10,"column":3}},"line":8},"1":{"name":"(anonymous_1)","decl":{"start":{"line":11,"column":2},"end":{"line":11,"column":3}},"loc":{"start":{"line":11,"column":13},"end":{"line":15,"column":3}},"line":11},"2":{"name":"(anonymous_2)","decl":{"start":{"line":16,"column":11},"end":{"line":16,"column":12}},"loc":{"start":{"line":16,"column":17},"end":{"line":27,"column":3}},"line":16},"3":{"name":"(anonymous_3)","decl":{"start":{"line":21,"column":8},"end":{"line":21,"column":9}},"loc":{"start":{"line":21,"column":19},"end":{"line":21,"column":28}},"line":21},"4":{"name":"(anonymous_4)","decl":{"start":{"line":22,"column":8},"end":{"line":22,"column":9}},"loc":{"start":{"line":22,"column":14},"end":{"line":24,"column":9}},"line":22},"5":{"name":"(anonymous_5)","decl":{"start":{"line":28,"column":2},"end":{"line":28,"column":3}},"loc":{"start":{"line":28,"column":11},"end":{"line":31,"column":3}},"line":28},"6":{"name":"(anonymous_6)","decl":{"start":{"line":36,"column":17},"end":{"line":36,"column":18}},"loc":{"start":{"line":36,"column":23},"end":{"line":38,"column":3}},"line":36},"7":{"name":"(anonymous_7)","decl":{"start":{"line":39,"column":2},"end":{"line":39,"column":3}},"loc":{"start":{"line":39,"column":11},"end":{"line":56,"column":3}},"line":39}},"branchMap":{"0":{"loc":{"start":{"line":13,"column":10},"end":{"line":13,"column":63}},"type":"cond-expr","locations":[{"start":{"line":13,"column":34},"end":{"line":13,"column":47}},{"start":{"line":13,"column":50},"end":{"line":13,"column":63}}],"line":13},"1":{"loc":{"start":{"line":17,"column":4},"end":{"line":26,"column":5}},"type":"if","locations":[{"start":{"line":17,"column":4},"end":{"line":26,"column":5}},{"start":{"line":17,"column":4},"end":{"line":26,"column":5}}],"line":17}},"s":{"0":14,"1":11,"2":3,"3":2,"4":1,"5":1,"6":1,"7":8,"8":8,"9":2,"10":3,"11":3,"12":3,"13":1},"f":{"0":14,"1":11,"2":3,"3":1,"4":1,"5":8,"6":2,"7":3},"b":{"0":[8,3],"1":[2,1]},"_coverageSchema":"332fd63041d2c1bcb487cc26dd0d5f7d97098a6c","hash":"6000161cd076fefe967742e231c31e72fa4107b3"}
,"/Users/schopra/Desktop/DailyCode/Learning/Javascript/FrontEndMasters/Advance-React-Patterns/advanced-react-patterns-v2/src/exercises-final/10.js": {"path":"/Users/schopra/Desktop/DailyCode/Learning/Javascript/FrontEndMasters/Advance-React-Patterns/advanced-react-patterns-v2/src/exercises-final/10.js","statementMap":{"0":{"start":{"line":6,"column":16},"end":{"line":7,"column":38}},"1":{"start":{"line":6,"column":28},"end":{"line":7,"column":38}},"2":{"start":{"line":7,"column":2},"end":{"line":7,"column":38}},"3":{"start":{"line":7,"column":20},"end":{"line":7,"column":37}},"4":{"start":{"line":15,"column":38},"end":{"line":15,"column":45}},"5":{"start":{"line":24,"column":4},"end":{"line":24,"column":41}},"6":{"start":{"line":27,"column":4},"end":{"line":37,"column":5}},"7":{"start":{"line":29,"column":8},"end":{"line":33,"column":9}},"8":{"start":{"line":30,"column":10},"end":{"line":30,"column":46}},"9":{"start":{"line":32,"column":10},"end":{"line":32,"column":36}},"10":{"start":{"line":34,"column":8},"end":{"line":34,"column":28}},"11":{"start":{"line":41,"column":4},"end":{"line":83,"column":5}},"12":{"start":{"line":43,"column":30},"end":{"line":43,"column":50}},"13":{"start":{"line":46,"column":10},"end":{"line":48,"column":21}},"14":{"start":{"line":51,"column":8},"end":{"line":52,"column":69}},"15":{"start":{"line":55,"column":52},"end":{"line":55,"column":62}},"16":{"start":{"line":57,"column":37},"end":{"line":68,"column":14}},"17":{"start":{"line":60,"column":10},"end":{"line":66,"column":11}},"18":{"start":{"line":61,"column":12},"end":{"line":65,"column":39}},"19":{"start":{"line":67,"column":10},"end":{"line":67,"column":27}},"20":{"start":{"line":71,"column":8},"end":{"line":73,"column":16}},"21":{"start":{"line":77,"column":8},"end":{"line":80,"column":9}},"22":{"start":{"line":81,"column":8},"end":{"line":81,"column":18}},"23":{"start":{"line":86,"column":4},"end":{"line":89,"column":5}},"24":{"start":{"line":88,"column":12},"end":{"line":88,"column":50}},"25":{"start":{"line":91,"column":4},"end":{"line":94,"column":5}},"26":{"start":{"line":92,"column":17},"end":{"line":92,"column":32}},"27":{"start":{"line":93,"column":12},"end":{"line":93,"column":51}},"28":{"start":{"line":95,"column":51},"end":{"line":99,"column":3}},"29":{"start":{"line":96,"column":36},"end":{"line":96,"column":49}},"30":{"start":{"line":101,"column":4},"end":{"line":106,"column":5}},"31":{"start":{"line":109,"column":4},"end":{"line":109,"column":57}},"32":{"start":{"line":115,"column":27},"end":{"line":115,"column":59}},"33":{"start":{"line":116,"column":26},"end":{"line":116,"column":57}},"34":{"start":{"line":121,"column":4},"end":{"line":139,"column":5}},"35":{"start":{"line":122,"column":6},"end":{"line":124,"column":7}},"36":{"start":{"line":123,"column":8},"end":{"line":123,"column":48}},"37":{"start":{"line":125,"column":11},"end":{"line":139,"column":5}},"38":{"start":{"line":126,"column":6},"end":{"line":128,"column":8}},"39":{"start":{"line":127,"column":8},"end":{"line":127,"column":47}},"40":{"start":{"line":129,"column":11},"end":{"line":139,"column":5}},"41":{"start":{"line":130,"column":6},"end":{"line":138,"column":7}},"42":{"start":{"line":131,"column":29},"end":{"line":134,"column":9}},"43":{"start":{"line":136,"column":10},"end":{"line":136,"column":50}},"44":{"start":{"line":142,"column":37},"end":{"line":142,"column":47}},"45":{"start":{"line":143,"column":4},"end":{"line":174,"column":5}},"46":{"start":{"line":150,"column":10},"end":{"line":171,"column":16}},"47":{"start":{"line":160,"column":39},"end":{"line":160,"column":63}},"48":{"start":{"line":177,"column":0},"end":{"line":177,"column":49}}},"fnMap":{"0":{"name":"(anonymous_0)","decl":{"start":{"line":6,"column":16},"end":{"line":6,"column":17}},"loc":{"start":{"line":6,"column":28},"end":{"line":7,"column":38}},"line":6},"1":{"name":"(anonymous_1)","decl":{"start":{"line":6,"column":28},"end":{"line":6,"column":29}},"loc":{"start":{"line":7,"column":2},"end":{"line":7,"column":38}},"line":7},"2":{"name":"(anonymous_2)","decl":{"start":{"line":7,"column":14},"end":{"line":7,"column":15}},"loc":{"start":{"line":7,"column":20},"end":{"line":7,"column":37}},"line":7},"3":{"name":"(anonymous_3)","decl":{"start":{"line":12,"column":13},"end":{"line":12,"column":14}},"loc":{"start":{"line":12,"column":19},"end":{"line":12,"column":21}},"line":12},"4":{"name":"(anonymous_4)","decl":{"start":{"line":13,"column":14},"end":{"line":13,"column":15}},"loc":{"start":{"line":13,"column":20},"end":{"line":13,"column":22}},"line":13},"5":{"name":"(anonymous_5)","decl":{"start":{"line":14,"column":19},"end":{"line":14,"column":20}},"loc":{"start":{"line":14,"column":25},"end":{"line":14,"column":27}},"line":14},"6":{"name":"(anonymous_6)","decl":{"start":{"line":15,"column":18},"end":{"line":15,"column":19}},"loc":{"start":{"line":15,"column":38},"end":{"line":15,"column":45}},"line":15},"7":{"name":"(anonymous_7)","decl":{"start":{"line":23,"column":2},"end":{"line":23,"column":3}},"loc":{"start":{"line":23,"column":21},"end":{"line":25,"column":3}},"line":23},"8":{"name":"(anonymous_8)","decl":{"start":{"line":26,"column":2},"end":{"line":26,"column":3}},"loc":{"start":{"line":26,"column":31},"end":{"line":38,"column":3}},"line":26},"9":{"name":"(anonymous_9)","decl":{"start":{"line":28,"column":6},"end":{"line":28,"column":7}},"loc":{"start":{"line":28,"column":39},"end":{"line":35,"column":7}},"line":28},"10":{"name":"(anonymous_10)","decl":{"start":{"line":39,"column":2},"end":{"line":39,"column":3}},"loc":{"start":{"line":39,"column":49},"end":{"line":84,"column":3}},"line":39},"11":{"name":"(anonymous_11)","decl":{"start":{"line":39,"column":39},"end":{"line":39,"column":40}},"loc":{"start":{"line":39,"column":45},"end":{"line":39,"column":47}},"line":39},"12":{"name":"(anonymous_12)","decl":{"start":{"line":42,"column":6},"end":{"line":42,"column":7}},"loc":{"start":{"line":42,"column":15},"end":{"line":74,"column":7}},"line":42},"13":{"name":"(anonymous_13)","decl":{"start":{"line":59,"column":17},"end":{"line":59,"column":18}},"loc":{"start":{"line":59,"column":43},"end":{"line":68,"column":9}},"line":59},"14":{"name":"(anonymous_14)","decl":{"start":{"line":75,"column":6},"end":{"line":75,"column":7}},"loc":{"start":{"line":75,"column":12},"end":{"line":82,"column":7}},"line":75},"15":{"name":"(anonymous_15)","decl":{"start":{"line":85,"column":10},"end":{"line":85,"column":11}},"loc":{"start":{"line":86,"column":4},"end":{"line":89,"column":5}},"line":86},"16":{"name":"(anonymous_16)","decl":{"start":{"line":88,"column":6},"end":{"line":88,"column":7}},"loc":{"start":{"line":88,"column":12},"end":{"line":88,"column":50}},"line":88},"17":{"name":"(anonymous_17)","decl":{"start":{"line":90,"column":11},"end":{"line":90,"column":12}},"loc":{"start":{"line":91,"column":4},"end":{"line":94,"column":5}},"line":91},"18":{"name":"(anonymous_18)","decl":{"start":{"line":92,"column":6},"end":{"line":92,"column":7}},"loc":{"start":{"line":92,"column":17},"end":{"line":92,"column":32}},"line":92},"19":{"name":"(anonymous_19)","decl":{"start":{"line":93,"column":6},"end":{"line":93,"column":7}},"loc":{"start":{"line":93,"column":12},"end":{"line":93,"column":51}},"line":93},"20":{"name":"(anonymous_20)","decl":{"start":{"line":95,"column":20},"end":{"line":95,"column":21}},"loc":{"start":{"line":95,"column":51},"end":{"line":99,"column":3}},"line":95},"21":{"name":"(anonymous_21)","decl":{"start":{"line":96,"column":30},"end":{"line":96,"column":31}},"loc":{"start":{"line":96,"column":36},"end":{"line":96,"column":49}},"line":96},"22":{"name":"(anonymous_22)","decl":{"start":{"line":100,"column":2},"end":{"line":100,"column":3}},"loc":{"start":{"line":100,"column":23},"end":{"line":107,"column":3}},"line":100},"23":{"name":"(anonymous_23)","decl":{"start":{"line":108,"column":2},"end":{"line":108,"column":3}},"loc":{"start":{"line":108,"column":11},"end":{"line":110,"column":3}},"line":108},"24":{"name":"(anonymous_24)","decl":{"start":{"line":115,"column":14},"end":{"line":115,"column":15}},"loc":{"start":{"line":115,"column":27},"end":{"line":115,"column":59}},"line":115},"25":{"name":"(anonymous_25)","decl":{"start":{"line":116,"column":13},"end":{"line":116,"column":14}},"loc":{"start":{"line":116,"column":26},"end":{"line":116,"column":57}},"line":116},"26":{"name":"(anonymous_26)","decl":{"start":{"line":120,"column":22},"end":{"line":120,"column":23}},"loc":{"start":{"line":120,"column":33},"end":{"line":140,"column":3}},"line":120},"27":{"name":"(anonymous_27)","decl":{"start":{"line":122,"column":44},"end":{"line":122,"column":45}},"loc":{"start":{"line":123,"column":8},"end":{"line":123,"column":48}},"line":123},"28":{"name":"(anonymous_28)","decl":{"start":{"line":126,"column":39},"end":{"line":126,"column":40}},"loc":{"start":{"line":126,"column":45},"end":{"line":128,"column":7}},"line":126},"29":{"name":"(anonymous_29)","decl":{"start":{"line":131,"column":8},"end":{"line":131,"column":9}},"loc":{"start":{"line":131,"column":29},"end":{"line":134,"column":9}},"line":131},"30":{"name":"(anonymous_30)","decl":{"start":{"line":135,"column":8},"end":{"line":135,"column":9}},"loc":{"start":{"line":135,"column":14},"end":{"line":137,"column":9}},"line":135},"31":{"name":"(anonymous_31)","decl":{"start":{"line":141,"column":2},"end":{"line":141,"column":3}},"loc":{"start":{"line":141,"column":11},"end":{"line":175,"column":3}},"line":141},"32":{"name":"(anonymous_32)","decl":{"start":{"line":149,"column":9},"end":{"line":149,"column":10}},"loc":{"start":{"line":150,"column":10},"end":{"line":171,"column":16}},"line":150},"33":{"name":"(anonymous_33)","decl":{"start":{"line":160,"column":33},"end":{"line":160,"column":34}},"loc":{"start":{"line":160,"column":39},"end":{"line":160,"column":63}},"line":160}},"branchMap":{"0":{"loc":{"start":{"line":7,"column":20},"end":{"line":7,"column":37}},"type":"binary-expr","locations":[{"start":{"line":7,"column":20},"end":{"line":7,"column":22}},{"start":{"line":7,"column":26},"end":{"line":7,"column":37}}],"line":7},"1":{"loc":{"start":{"line":26,"column":11},"end":{"line":26,"column":29}},"type":"default-arg","locations":[{"start":{"line":26,"column":19},"end":{"line":26,"column":29}}],"line":26},"2":{"loc":{"start":{"line":29,"column":8},"end":{"line":33,"column":9}},"type":"if","locations":[{"start":{"line":29,"column":8},"end":{"line":33,"column":9}},{"start":{"line":29,"column":8},"end":{"line":33,"column":9}}],"line":29},"3":{"loc":{"start":{"line":39,"column":28},"end":{"line":39,"column":47}},"type":"default-arg","locations":[{"start":{"line":39,"column":39},"end":{"line":39,"column":47}}],"line":39},"4":{"loc":{"start":{"line":46,"column":10},"end":{"line":48,"column":21}},"type":"cond-expr","locations":[{"start":{"line":47,"column":14},"end":{"line":47,"column":36}},{"start":{"line":48,"column":14},"end":{"line":48,"column":21}}],"line":46},"5":{"loc":{"start":{"line":52,"column":10},"end":{"line":52,"column":69}},"type":"binary-expr","locations":[{"start":{"line":52,"column":10},"end":{"line":52,"column":63}},{"start":{"line":52,"column":67},"end":{"line":52,"column":69}}],"line":52},"6":{"loc":{"start":{"line":60,"column":10},"end":{"line":66,"column":11}},"type":"if","locations":[{"start":{"line":60,"column":10},"end":{"line":66,"column":11}},{"start":{"line":60,"column":10},"end":{"line":66,"column":11}}],"line":60},"7":{"loc":{"start":{"line":61,"column":35},"end":{"line":65,"column":39}},"type":"cond-expr","locations":[{"start":{"line":64,"column":16},"end":{"line":64,"column":37}},{"start":{"line":65,"column":16},"end":{"line":65,"column":39}}],"line":61},"8":{"loc":{"start":{"line":71,"column":15},"end":{"line":73,"column":16}},"type":"cond-expr","locations":[{"start":{"line":72,"column":12},"end":{"line":72,"column":32}},{"start":{"line":73,"column":12},"end":{"line":73,"column":16}}],"line":71},"9":{"loc":{"start":{"line":71,"column":27},"end":{"line":71,"column":53}},"type":"binary-expr","locations":[{"start":{"line":71,"column":27},"end":{"line":71,"column":47}},{"start":{"line":71,"column":51},"end":{"line":71,"column":53}}],"line":71},"10":{"loc":{"start":{"line":90,"column":12},"end":{"line":90,"column":56}},"type":"default-arg","locations":[{"start":{"line":90,"column":54},"end":{"line":90,"column":56}}],"line":90},"11":{"loc":{"start":{"line":90,"column":13},"end":{"line":90,"column":50}},"type":"default-arg","locations":[{"start":{"line":90,"column":20},"end":{"line":90,"column":50}}],"line":90},"12":{"loc":{"start":{"line":95,"column":21},"end":{"line":95,"column":45}},"type":"default-arg","locations":[{"start":{"line":95,"column":43},"end":{"line":95,"column":45}}],"line":95},"13":{"loc":{"start":{"line":121,"column":4},"end":{"line":139,"column":5}},"type":"if","locations":[{"start":{"line":121,"column":4},"end":{"line":139,"column":5}},{"start":{"line":121,"column":4},"end":{"line":139,"column":5}}],"line":121},"14":{"loc":{"start":{"line":125,"column":11},"end":{"line":139,"column":5}},"type":"if","locations":[{"start":{"line":125,"column":11},"end":{"line":139,"column":5}},{"start":{"line":125,"column":11},"end":{"line":139,"column":5}}],"line":125},"15":{"loc":{"start":{"line":129,"column":11},"end":{"line":139,"column":5}},"type":"if","locations":[{"start":{"line":129,"column":11},"end":{"line":139,"column":5}},{"start":{"line":129,"column":11},"end":{"line":139,"column":5}}],"line":129},"16":{"loc":{"start":{"line":133,"column":20},"end":{"line":133,"column":58}},"type":"cond-expr","locations":[{"start":{"line":133,"column":40},"end":{"line":133,"column":45}},{"start":{"line":133,"column":48},"end":{"line":133,"column":58}}],"line":133},"17":{"loc":{"start":{"line":156,"column":13},"end":{"line":169,"column":20}},"type":"cond-expr","locations":[{"start":{"line":157,"column":14},"end":{"line":164,"column":20}},{"start":{"line":165,"column":16},"end":{"line":169,"column":20}}],"line":156},"18":{"loc":{"start":{"line":165,"column":16},"end":{"line":169,"column":20}},"type":"cond-expr","locations":[{"start":{"line":166,"column":14},"end":{"line":168,"column":20}},{"start":{"line":169,"column":16},"end":{"line":169,"column":20}}],"line":165}},"s":{"0":1,"1":12,"2":8,"3":16,"4":10,"5":64,"6":54,"7":54,"8":54,"9":0,"10":54,"11":10,"12":10,"13":10,"14":10,"15":10,"16":10,"17":10,"18":0,"19":10,"20":10,"21":10,"22":10,"23":1,"24":1,"25":9,"26":9,"27":9,"28":12,"29":8,"30":22,"31":12,"32":0,"33":0,"34":10,"35":1,"36":1,"37":9,"38":1,"39":1,"40":8,"41":8,"42":8,"43":8,"44":12,"45":12,"46":12,"47":1,"48":1},"f":{"0":12,"1":8,"2":16,"3":1,"4":9,"5":0,"6":10,"7":64,"8":54,"9":54,"10":10,"11":0,"12":10,"13":10,"14":10,"15":1,"16":1,"17":9,"18":9,"19":9,"20":12,"21":8,"22":22,"23":12,"24":0,"25":0,"26":10,"27":1,"28":1,"29":8,"30":8,"31":12,"32":12,"33":1},"b":{"0":[16,8],"1":[44],"2":[54,0],"3":[0],"4":[9,1],"5":[10,0],"6":[0,10],"7":[0,0],"8":[0,10],"9":[10,0],"10":[8],"11":[8],"12":[0],"13":[1,9],"14":[1,8],"15":[8,0],"16":[2,6],"17":[3,9],"18":[6,3]},"_coverageSchema":"332fd63041d2c1bcb487cc26dd0d5f7d97098a6c","hash":"12257963d570f944a8fddc692cb1aac3463ceb41"}
,"/Users/schopra/Desktop/DailyCode/Learning/Javascript/FrontEndMasters/Advance-React-Patterns/advanced-react-patterns-v2/src/exercises-final/11.js": {"path":"/Users/schopra/Desktop/DailyCode/Learning/Javascript/FrontEndMasters/Advance-React-Patterns/advanced-react-patterns-v2/src/exercises-final/11.js","statementMap":{"0":{"start":{"line":6,"column":22},"end":{"line":11,"column":2}},"1":{"start":{"line":10,"column":26},"end":{"line":10,"column":28}},"2":{"start":{"line":13,"column":16},"end":{"line":14,"column":38}},"3":{"start":{"line":13,"column":28},"end":{"line":14,"column":38}},"4":{"start":{"line":14,"column":2},"end":{"line":14,"column":38}},"5":{"start":{"line":14,"column":20},"end":{"line":14,"column":37}},"6":{"start":{"line":22,"column":38},"end":{"line":22,"column":45}},"7":{"start":{"line":31,"column":4},"end":{"line":34,"column":5}},"8":{"start":{"line":33,"column":12},"end":{"line":33,"column":50}},"9":{"start":{"line":36,"column":4},"end":{"line":39,"column":5}},"10":{"start":{"line":37,"column":17},"end":{"line":37,"column":32}},"11":{"start":{"line":38,"column":12},"end":{"line":38,"column":51}},"12":{"start":{"line":40,"column":51},"end":{"line":44,"column":3}},"13":{"start":{"line":41,"column":36},"end":{"line":41,"column":49}},"14":{"start":{"line":53,"column":4},"end":{"line":53,"column":41}},"15":{"start":{"line":56,"column":4},"end":{"line":66,"column":5}},"16":{"start":{"line":58,"column":8},"end":{"line":62,"column":9}},"17":{"start":{"line":59,"column":10},"end":{"line":59,"column":46}},"18":{"start":{"line":61,"column":10},"end":{"line":61,"column":36}},"19":{"start":{"line":63,"column":8},"end":{"line":63,"column":28}},"20":{"start":{"line":70,"column":4},"end":{"line":109,"column":5}},"21":{"start":{"line":72,"column":30},"end":{"line":72,"column":50}},"22":{"start":{"line":75,"column":10},"end":{"line":77,"column":21}},"23":{"start":{"line":80,"column":8},"end":{"line":81,"column":69}},"24":{"start":{"line":84,"column":52},"end":{"line":84,"column":62}},"25":{"start":{"line":86,"column":37},"end":{"line":97,"column":14}},"26":{"start":{"line":89,"column":10},"end":{"line":95,"column":11}},"27":{"start":{"line":90,"column":12},"end":{"line":94,"column":39}},"28":{"start":{"line":96,"column":10},"end":{"line":96,"column":27}},"29":{"start":{"line":100,"column":8},"end":{"line":102,"column":16}},"30":{"start":{"line":106,"column":8},"end":{"line":106,"column":56}},"31":{"start":{"line":107,"column":8},"end":{"line":107,"column":18}},"32":{"start":{"line":119,"column":23},"end":{"line":119,"column":33}},"33":{"start":{"line":121,"column":6},"end":{"line":121,"column":70}},"34":{"start":{"line":122,"column":4},"end":{"line":126,"column":5}},"35":{"start":{"line":131,"column":2},"end":{"line":149,"column":3}},"36":{"start":{"line":134,"column":8},"end":{"line":146,"column":14}},"37":{"start":{"line":153,"column":2},"end":{"line":170,"column":3}},"38":{"start":{"line":157,"column":22},"end":{"line":157,"column":55}},"39":{"start":{"line":162,"column":10},"end":{"line":166,"column":12}},"40":{"start":{"line":174,"column":2},"end":{"line":179,"column":3}},"41":{"start":{"line":183,"column":2},"end":{"line":187,"column":3}},"42":{"start":{"line":185,"column":18},"end":{"line":185,"column":68}},"43":{"start":{"line":191,"column":2},"end":{"line":200,"column":3}},"44":{"start":{"line":195,"column":21},"end":{"line":195,"column":63}},"45":{"start":{"line":204,"column":2},"end":{"line":230,"column":3}},"46":{"start":{"line":208,"column":10},"end":{"line":214,"column":21}},"47":{"start":{"line":220,"column":10},"end":{"line":226,"column":21}},"48":{"start":{"line":234,"column":2},"end":{"line":239,"column":3}},"49":{"start":{"line":243,"column":2},"end":{"line":250,"column":3}},"50":{"start":{"line":252,"column":0},"end":{"line":252,"column":32}}},"fnMap":{"0":{"name":"(anonymous_0)","decl":{"start":{"line":8,"column":10},"end":{"line":8,"column":11}},"loc":{"start":{"line":8,"column":16},"end":{"line":8,"column":18}},"line":8},"1":{"name":"(anonymous_1)","decl":{"start":{"line":9,"column":9},"end":{"line":9,"column":10}},"loc":{"start":{"line":9,"column":15},"end":{"line":9,"column":17}},"line":9},"2":{"name":"(anonymous_2)","decl":{"start":{"line":10,"column":19},"end":{"line":10,"column":20}},"loc":{"start":{"line":10,"column":26},"end":{"line":10,"column":28}},"line":10},"3":{"name":"(anonymous_3)","decl":{"start":{"line":13,"column":16},"end":{"line":13,"column":17}},"loc":{"start":{"line":13,"column":28},"end":{"line":14,"column":38}},"line":13},"4":{"name":"(anonymous_4)","decl":{"start":{"line":13,"column":28},"end":{"line":13,"column":29}},"loc":{"start":{"line":14,"column":2},"end":{"line":14,"column":38}},"line":14},"5":{"name":"(anonymous_5)","decl":{"start":{"line":14,"column":14},"end":{"line":14,"column":15}},"loc":{"start":{"line":14,"column":20},"end":{"line":14,"column":37}},"line":14},"6":{"name":"(anonymous_6)","decl":{"start":{"line":19,"column":13},"end":{"line":19,"column":14}},"loc":{"start":{"line":19,"column":19},"end":{"line":19,"column":21}},"line":19},"7":{"name":"(anonymous_7)","decl":{"start":{"line":20,"column":14},"end":{"line":20,"column":15}},"loc":{"start":{"line":20,"column":20},"end":{"line":20,"column":22}},"line":20},"8":{"name":"(anonymous_8)","decl":{"start":{"line":21,"column":19},"end":{"line":21,"column":20}},"loc":{"start":{"line":21,"column":25},"end":{"line":21,"column":27}},"line":21},"9":{"name":"(anonymous_9)","decl":{"start":{"line":22,"column":18},"end":{"line":22,"column":19}},"loc":{"start":{"line":22,"column":38},"end":{"line":22,"column":45}},"line":22},"10":{"name":"(anonymous_10)","decl":{"start":{"line":30,"column":10},"end":{"line":30,"column":11}},"loc":{"start":{"line":31,"column":4},"end":{"line":34,"column":5}},"line":31},"11":{"name":"(anonymous_11)","decl":{"start":{"line":33,"column":6},"end":{"line":33,"column":7}},"loc":{"start":{"line":33,"column":12},"end":{"line":33,"column":50}},"line":33},"12":{"name":"(anonymous_12)","decl":{"start":{"line":35,"column":11},"end":{"line":35,"column":12}},"loc":{"start":{"line":36,"column":4},"end":{"line":39,"column":5}},"line":36},"13":{"name":"(anonymous_13)","decl":{"start":{"line":37,"column":6},"end":{"line":37,"column":7}},"loc":{"start":{"line":37,"column":17},"end":{"line":37,"column":32}},"line":37},"14":{"name":"(anonymous_14)","decl":{"start":{"line":38,"column":6},"end":{"line":38,"column":7}},"loc":{"start":{"line":38,"column":12},"end":{"line":38,"column":51}},"line":38},"15":{"name":"(anonymous_15)","decl":{"start":{"line":40,"column":20},"end":{"line":40,"column":21}},"loc":{"start":{"line":40,"column":51},"end":{"line":44,"column":3}},"line":40},"16":{"name":"(anonymous_16)","decl":{"start":{"line":41,"column":30},"end":{"line":41,"column":31}},"loc":{"start":{"line":41,"column":36},"end":{"line":41,"column":49}},"line":41},"17":{"name":"(anonymous_17)","decl":{"start":{"line":52,"column":2},"end":{"line":52,"column":3}},"loc":{"start":{"line":52,"column":21},"end":{"line":54,"column":3}},"line":52},"18":{"name":"(anonymous_18)","decl":{"start":{"line":55,"column":2},"end":{"line":55,"column":3}},"loc":{"start":{"line":55,"column":31},"end":{"line":67,"column":3}},"line":55},"19":{"name":"(anonymous_19)","decl":{"start":{"line":57,"column":6},"end":{"line":57,"column":7}},"loc":{"start":{"line":57,"column":39},"end":{"line":64,"column":7}},"line":57},"20":{"name":"(anonymous_20)","decl":{"start":{"line":68,"column":2},"end":{"line":68,"column":3}},"loc":{"start":{"line":68,"column":49},"end":{"line":110,"column":3}},"line":68},"21":{"name":"(anonymous_21)","decl":{"start":{"line":68,"column":39},"end":{"line":68,"column":40}},"loc":{"start":{"line":68,"column":45},"end":{"line":68,"column":47}},"line":68},"22":{"name":"(anonymous_22)","decl":{"start":{"line":71,"column":6},"end":{"line":71,"column":7}},"loc":{"start":{"line":71,"column":15},"end":{"line":103,"column":7}},"line":71},"23":{"name":"(anonymous_23)","decl":{"start":{"line":88,"column":17},"end":{"line":88,"column":18}},"loc":{"start":{"line":88,"column":43},"end":{"line":97,"column":9}},"line":88},"24":{"name":"(anonymous_24)","decl":{"start":{"line":104,"column":6},"end":{"line":104,"column":7}},"loc":{"start":{"line":104,"column":12},"end":{"line":108,"column":7}},"line":104},"25":{"name":"(anonymous_25)","decl":{"start":{"line":111,"column":2},"end":{"line":111,"column":3}},"loc":{"start":{"line":111,"column":11},"end":{"line":127,"column":3}},"line":111},"26":{"name":"Nav","decl":{"start":{"line":130,"column":9},"end":{"line":130,"column":12}},"loc":{"start":{"line":130,"column":15},"end":{"line":150,"column":1}},"line":130},"27":{"name":"(anonymous_27)","decl":{"start":{"line":133,"column":7},"end":{"line":133,"column":8}},"loc":{"start":{"line":134,"column":8},"end":{"line":146,"column":14}},"line":134},"28":{"name":"NavSwitch","decl":{"start":{"line":152,"column":9},"end":{"line":152,"column":18}},"loc":{"start":{"line":152,"column":21},"end":{"line":171,"column":1}},"line":152},"29":{"name":"(anonymous_29)","decl":{"start":{"line":157,"column":11},"end":{"line":157,"column":12}},"loc":{"start":{"line":157,"column":22},"end":{"line":157,"column":55}},"line":157},"30":{"name":"(anonymous_30)","decl":{"start":{"line":161,"column":9},"end":{"line":161,"column":10}},"loc":{"start":{"line":162,"column":10},"end":{"line":166,"column":12}},"line":162},"31":{"name":"Header","decl":{"start":{"line":173,"column":9},"end":{"line":173,"column":15}},"loc":{"start":{"line":173,"column":18},"end":{"line":180,"column":1}},"line":173},"32":{"name":"Subtitle","decl":{"start":{"line":182,"column":9},"end":{"line":182,"column":17}},"loc":{"start":{"line":182,"column":20},"end":{"line":188,"column":1}},"line":182},"33":{"name":"(anonymous_33)","decl":{"start":{"line":185,"column":7},"end":{"line":185,"column":8}},"loc":{"start":{"line":185,"column":18},"end":{"line":185,"column":68}},"line":185},"34":{"name":"Title","decl":{"start":{"line":190,"column":9},"end":{"line":190,"column":14}},"loc":{"start":{"line":190,"column":17},"end":{"line":201,"column":1}},"line":190},"35":{"name":"(anonymous_35)","decl":{"start":{"line":195,"column":11},"end":{"line":195,"column":12}},"loc":{"start":{"line":195,"column":21},"end":{"line":195,"column":63}},"line":195},"36":{"name":"Article","decl":{"start":{"line":203,"column":9},"end":{"line":203,"column":16}},"loc":{"start":{"line":203,"column":19},"end":{"line":231,"column":1}},"line":203},"37":{"name":"(anonymous_37)","decl":{"start":{"line":207,"column":9},"end":{"line":207,"column":10}},"loc":{"start":{"line":208,"column":10},"end":{"line":214,"column":21}},"line":208},"38":{"name":"(anonymous_38)","decl":{"start":{"line":219,"column":9},"end":{"line":219,"column":10}},"loc":{"start":{"line":220,"column":10},"end":{"line":226,"column":21}},"line":220},"39":{"name":"Post","decl":{"start":{"line":233,"column":9},"end":{"line":233,"column":13}},"loc":{"start":{"line":233,"column":16},"end":{"line":240,"column":1}},"line":233},"40":{"name":"Usage","decl":{"start":{"line":242,"column":9},"end":{"line":242,"column":14}},"loc":{"start":{"line":242,"column":17},"end":{"line":251,"column":1}},"line":242}},"branchMap":{"0":{"loc":{"start":{"line":14,"column":20},"end":{"line":14,"column":37}},"type":"binary-expr","locations":[{"start":{"line":14,"column":20},"end":{"line":14,"column":22}},{"start":{"line":14,"column":26},"end":{"line":14,"column":37}}],"line":14},"1":{"loc":{"start":{"line":35,"column":12},"end":{"line":35,"column":56}},"type":"default-arg","locations":[{"start":{"line":35,"column":54},"end":{"line":35,"column":56}}],"line":35},"2":{"loc":{"start":{"line":35,"column":13},"end":{"line":35,"column":50}},"type":"default-arg","locations":[{"start":{"line":35,"column":20},"end":{"line":35,"column":50}}],"line":35},"3":{"loc":{"start":{"line":40,"column":21},"end":{"line":40,"column":45}},"type":"default-arg","locations":[{"start":{"line":40,"column":43},"end":{"line":40,"column":45}}],"line":40},"4":{"loc":{"start":{"line":55,"column":11},"end":{"line":55,"column":29}},"type":"default-arg","locations":[{"start":{"line":55,"column":19},"end":{"line":55,"column":29}}],"line":55},"5":{"loc":{"start":{"line":58,"column":8},"end":{"line":62,"column":9}},"type":"if","locations":[{"start":{"line":58,"column":8},"end":{"line":62,"column":9}},{"start":{"line":58,"column":8},"end":{"line":62,"column":9}}],"line":58},"6":{"loc":{"start":{"line":68,"column":28},"end":{"line":68,"column":47}},"type":"default-arg","locations":[{"start":{"line":68,"column":39},"end":{"line":68,"column":47}}],"line":68},"7":{"loc":{"start":{"line":75,"column":10},"end":{"line":77,"column":21}},"type":"cond-expr","locations":[{"start":{"line":76,"column":14},"end":{"line":76,"column":36}},{"start":{"line":77,"column":14},"end":{"line":77,"column":21}}],"line":75},"8":{"loc":{"start":{"line":81,"column":10},"end":{"line":81,"column":69}},"type":"binary-expr","locations":[{"start":{"line":81,"column":10},"end":{"line":81,"column":63}},{"start":{"line":81,"column":67},"end":{"line":81,"column":69}}],"line":81},"9":{"loc":{"start":{"line":89,"column":10},"end":{"line":95,"column":11}},"type":"if","locations":[{"start":{"line":89,"column":10},"end":{"line":95,"column":11}},{"start":{"line":89,"column":10},"end":{"line":95,"column":11}}],"line":89},"10":{"loc":{"start":{"line":90,"column":35},"end":{"line":94,"column":39}},"type":"cond-expr","locations":[{"start":{"line":93,"column":16},"end":{"line":93,"column":37}},{"start":{"line":94,"column":16},"end":{"line":94,"column":39}}],"line":90},"11":{"loc":{"start":{"line":100,"column":15},"end":{"line":102,"column":16}},"type":"cond-
[...]
line":112,"column":11},"end":{"line":121,"column":3}},"line":112},"26":{"name":"withToggle","decl":{"start":{"line":124,"column":9},"end":{"line":124,"column":19}},"loc":{"start":{"line":124,"column":31},"end":{"line":137,"column":1}},"line":124},"27":{"name":"Wrapper","decl":{"start":{"line":125,"column":11},"end":{"line":125,"column":18}},"loc":{"start":{"line":125,"column":31},"end":{"line":133,"column":3}},"line":125},"28":{"name":"(anonymous_28)","decl":{"start":{"line":128,"column":9},"end":{"line":128,"column":10}},"loc":{"start":{"line":129,"column":10},"end":{"line":129,"column":67}},"line":129},"29":{"name":"(anonymous_29)","decl":{"start":{"line":151,"column":4},"end":{"line":151,"column":5}},"loc":{"start":{"line":151,"column":13},"end":{"line":157,"column":5}},"line":151},"30":{"name":"Nav","decl":{"start":{"line":161,"column":9},"end":{"line":161,"column":12}},"loc":{"start":{"line":161,"column":15},"end":{"line":181,"column":1}},"line":161},"31":{"name":"(anonymous_31)","decl":{"start":{"line":164,"column":7},"end":{"line":164,"column":8}},"loc":{"start":{"line":165,"column":8},"end":{"line":177,"column":14}},"line":165},"32":{"name":"NavSwitch","decl":{"start":{"line":183,"column":9},"end":{"line":183,"column":18}},"loc":{"start":{"line":183,"column":21},"end":{"line":202,"column":1}},"line":183},"33":{"name":"(anonymous_33)","decl":{"start":{"line":188,"column":11},"end":{"line":188,"column":12}},"loc":{"start":{"line":188,"column":22},"end":{"line":188,"column":55}},"line":188},"34":{"name":"(anonymous_34)","decl":{"start":{"line":192,"column":9},"end":{"line":192,"column":10}},"loc":{"start":{"line":193,"column":10},"end":{"line":197,"column":12}},"line":193},"35":{"name":"Header","decl":{"start":{"line":204,"column":9},"end":{"line":204,"column":15}},"loc":{"start":{"line":204,"column":18},"end":{"line":211,"column":1}},"line":204},"36":{"name":"(anonymous_36)","decl":{"start":{"line":217,"column":2},"end":{"line":217,"column":3}},"loc":{"start":{"line":217,"column":11},"end":{"line":221,"column":3}},"line":217},"37":{"name":"Title","decl":{"start":{"line":224,"column":9},"end":{"line":224,"column":14}},"loc":{"start":{"line":224,"column":17},"end":{"line":237,"column":1}},"line":224},"38":{"name":"(anonymous_38)","decl":{"start":{"line":229,"column":11},"end":{"line":229,"column":12}},"loc":{"start":{"line":229,"column":21},"end":{"line":229,"column":63}},"line":229},"39":{"name":"Article","decl":{"start":{"line":239,"column":9},"end":{"line":239,"column":16}},"loc":{"start":{"line":239,"column":19},"end":{"line":267,"column":1}},"line":239},"40":{"name":"(anonymous_40)","decl":{"start":{"line":243,"column":9},"end":{"line":243,"column":10}},"loc":{"start":{"line":244,"column":10},"end":{"line":250,"column":21}},"line":244},"41":{"name":"(anonymous_41)","decl":{"start":{"line":255,"column":9},"end":{"line":255,"column":10}},"loc":{"start":{"line":256,"column":10},"end":{"line":262,"column":21}},"line":256},"42":{"name":"Post","decl":{"start":{"line":269,"column":9},"end":{"line":269,"column":13}},"loc":{"start":{"line":269,"column":16},"end":{"line":276,"column":1}},"line":269},"43":{"name":"Usage","decl":{"start":{"line":278,"column":9},"end":{"line":278,"column":14}},"loc":{"start":{"line":278,"column":17},"end":{"line":287,"column":1}},"line":278}},"branchMap":{"0":{"loc":{"start":{"line":15,"column":20},"end":{"line":15,"column":37}},"type":"binary-expr","locations":[{"start":{"line":15,"column":20},"end":{"line":15,"column":22}},{"start":{"line":15,"column":26},"end":{"line":15,"column":37}}],"line":15},"1":{"loc":{"start":{"line":36,"column":12},"end":{"line":36,"column":56}},"type":"default-arg","locations":[{"start":{"line":36,"column":54},"end":{"line":36,"column":56}}],"line":36},"2":{"loc":{"start":{"line":36,"column":13},"end":{"line":36,"column":50}},"type":"default-arg","locations":[{"start":{"line":36,"column":20},"end":{"line":36,"column":50}}],"line":36},"3":{"loc":{"start":{"line":41,"column":21},"end":{"line":41,"column":45}},"type":"default-arg","locations":[{"start":{"line":41,"column":43},"end":{"line":41,"column":45}}],"line":41},"4":{"loc":{"start":{"line":56,"column":11},"end":{"line":56,"column":29}},"type":"default-arg","locations":[{"start":{"line":56,"column":19},"end":{"line":56,"column":29}}],"line":56},"5":{"loc":{"start":{"line":59,"column":8},"end":{"line":63,"column":9}},"type":"if","locations":[{"start":{"line":59,"column":8},"end":{"line":63,"column":9}},{"start":{"line":59,"column":8},"end":{"line":63,"column":9}}],"line":59},"6":{"loc":{"start":{"line":69,"column":28},"end":{"line":69,"column":47}},"type":"default-arg","locations":[{"start":{"line":69,"column":39},"end":{"line":69,"column":47}}],"line":69},"7":{"loc":{"start":{"line":76,"column":10},"end":{"line":78,"column":21}},"type":"cond-expr","locations":[{"start":{"line":77,"column":14},"end":{"line":77,"column":36}},{"start":{"line":78,"column":14},"end":{"line":78,"column":21}}],"line":76},"8":{"loc":{"start":{"line":82,"column":10},"end":{"line":82,"column":69}},"type":"binary-expr","locations":[{"start":{"line":82,"column":10},"end":{"line":82,"column":63}},{"start":{"line":82,"column":67},"end":{"line":82,"column":69}}],"line":82},"9":{"loc":{"start":{"line":90,"column":10},"end":{"line":96,"column":11}},"type":"if","locations":[{"start":{"line":90,"column":10},"end":{"line":96,"column":11}},{"start":{"line":90,"column":10},"end":{"line":96,"column":11}}],"line":90},"10":{"loc":{"start":{"line":91,"column":35},"end":{"line":95,"column":39}},"type":"cond-expr","locations":[{"start":{"line":94,"column":16},"end":{"line":94,"column":37}},{"start":{"line":95,"column":16},"end":{"line":95,"column":39}}],"line":91},"11":{"loc":{"start":{"line":101,"column":15},"end":{"line":103,"column":16}},"type":"cond-expr","locations":[{"start":{"line":102,"column":12},"end":{"line":102,"column":32}},{"start":{"line":103,"column":12},"end":{"line":103,"column":16}}],"line":101},"12":{"loc":{"start":{"line":101,"column":27},"end":{"line":101,"column":53}},"type":"binary-expr","locations":[{"start":{"line":101,"column":27},"end":{"line":101,"column":47}},{"start":{"line":101,"column":51},"end":{"line":101,"column":53}}],"line":101},"13":{"loc":{"start":{"line":115,"column":6},"end":{"line":115,"column":70}},"type":"cond-expr","locations":[{"start":{"line":115,"column":39},"end":{"line":115,"column":59}},{"start":{"line":115,"column":62},"end":{"line":115,"column":70}}],"line":115},"14":{"loc":{"start":{"line":134,"column":38},"end":{"line":135,"column":18}},"type":"binary-expr","locations":[{"start":{"line":134,"column":38},"end":{"line":134,"column":59}},{"start":{"line":135,"column":4},"end":{"line":135,"column":18}}],"line":134},"15":{"loc":{"start":{"line":154,"column":11},"end":{"line":154,"column":64}},"type":"cond-expr","locations":[{"start":{"line":154,"column":34},"end":{"line":154,"column":48}},{"start":{"line":154,"column":51},"end":{"line":154,"column":64}}],"line":154},"16":{"loc":{"start":{"line":168,"column":36},"end":{"line":168,"column":61}},"type":"cond-expr","locations":[{"start":{"line":168,"column":48},"end":{"line":168,"column":52}},{"start":{"line":168,"column":55},"end":{"line":168,"column":61}}],"line":168},"17":{"loc":{"start":{"line":171,"column":33},"end":{"line":171,"column":58}},"type":"cond-expr","locations":[{"start":{"line":171,"column":45},"end":{"line":171,"column":48}},{"start":{"line":171,"column":51},"end":{"line":171,"column":58}}],"line":171},"18":{"loc":{"start":{"line":174,"column":32},"end":{"line":174,"column":57}},"type":"cond-expr","locations":[{"start":{"line":174,"column":44},"end":{"line":174,"column":48}},{"start":{"line":174,"column":51},"end":{"line":174,"column":57}}],"line":174},"19":{"loc":{"start":{"line":188,"column":22},"end":{"line":188,"column":55}},"type":"cond-expr","locations":[{"start":{"line":188,"column":34},"end":{"line":188,"column":38}},{"start":{"line":188,"column":41},"end":{"line":188,"column":55}}],"line":188},"20":{"loc":{"start":{"line":229,"column":31},"end":{"line":229,"column":61}},"type":"cond-expr","locations":[{"start":{"line":229,"column":43},"end":{"line":229,"column":48}},{"start":{"line":229,"column":51},"end":{"line":229,"column":61}}],"line":229},"21":{"loc":{"start":{"line":246,"column":12},"end":{"line":246,"column":40}},"type":"cond-expr","locations":[{"start":{"line":246,"column":24},"end":{"line":246,"column":29}},{"start":{"line":246,"column":32},"end":{"line":246,"column":40}}],"line":246},"22":{"loc":{"start":{"line":248,"column":12},"end":{"line":248,"column":41}},"type":"cond-expr","locations":[{"start":{"line":248,"column":24},"end":{"line":248,"column":28}},{"start":{"line":248,"column":31},"end":{"line":248,"column":41}}],"line":248},"23":{"loc":{"start":{"line":258,"column":12},"end":{"line":258,"column":44}},"type":"cond-expr","locations":[{"start":{"line":258,"column":24},"end":{"line":258,"column":31}},{"start":{"line":258,"column":34},"end":{"line":258,"column":44}}],"line":258},"24":{"loc":{"start":{"line":260,"column":12},"end":{"line":260,"column":39}},"type":"cond-expr","locations":[{"start":{"line":260,"column":24},"end":{"line":260,"column":28}},{"start":{"line":260,"column":31},"end":{"line":260,"column":39}}],"line":260},"25":{"loc":{"start":{"line":261,"column":12},"end":{"line":261,"column":47}},"type":"cond-expr","locations":[{"start":{"line":261,"column":24},"end":{"line":261,"column":33}},{"start":{"line":261,"column":36},"end":{"line":261,"column":47}}],"line":261}},"s":{"0":1,"1":0,"2":1,"3":2,"4":1,"5":2,"6":1,"7":0,"8":0,"9":1,"10":1,"11":1,"12":2,"13":1,"14":20,"15":4,"16":16,"17":0,"18":16,"19":16,"20":1,"21":1,"22":1,"23":1,"24":1,"25":1,"26":4,"27":4,"28":4,"29":1,"30":1,"31":1,"32":2,"33":2,"34":2,"35":1,"36":2,"37":1,"38":1,"39":1,"40":2,"41":1,"42":2,"43":1,"44":2,"45":2,"46":1,"47":1,"48":1,"49":2,"50":1,"51":2,"52":2,"53":1,"54":1,"55":1},"f":{"0":0,"1":0,"2":0,"3":2,"4":1,"5":2,"6":0,"7":1,"8":1,"9":1,"10":0,"11":0,"12":1,"13":1,"14":1,"15":2,"16":1,"17":20,"18":4,"19":16,"20":1,"21":0,"22":1,"23":4,"24":1,"25":2,"26":1,"27":1,"28":2,"29":2,"30":1,"31":2,"32":1,"33":2,"34":2,"35":1,"36":1,"37":1,"38":2,"39":1,"40":2,"41":2,"42":1,"43":1},"b":{"0":[2,1],"1":[1],"2":[1],"3":[0],"4":[3],"5":[0,16],"6":[0],"7":[1,0],"8":[1,0],"9":[4,0],"10":[1,3],"11":[1,0],"12":[1,0],"13":[0,2],"14":[1,0],"15":[1,1],"16":[1,1],"17":[1,1],"18":[1,1],"19":[1,1],"20":[1,1],"21":[1,1],"22":[1,1],"23":[1,1],"24":[1,1],"25":[1,1]},"_coverageSchema":"332fd63041d2c1bcb487cc26dd0d5f7d97098a6c","hash":"79e912b9abfb390bb290fc40d45d9cab2195497f"}
,"/Users/schopra/Desktop/DailyCode/Learning/Javascript/FrontEndMasters/Advance-React-Patterns/advanced-react-patterns-v2/src/exercises-final/13.js": {"path":"/Users/schopra/Desktop/DailyCode/Learning/Javascript/FrontEndMasters/Advance-React-Patterns/advanced-react-patterns-v2/src/exercises-final/13.js","statementMap":{"0":{"start":{"line":8,"column":22},"end":{"line":8,"column":45}},"1":{"start":{"line":14,"column":22},"end":{"line":14,"column":27}},"2":{"start":{"line":18,"column":4},"end":{"line":20,"column":5}},"3":{"start":{"line":19,"column":6},"end":{"line":19,"column":35}},"4":{"start":{"line":21,"column":4},"end":{"line":21,"column":44}},"5":{"start":{"line":25,"column":4},"end":{"line":27,"column":6}},"6":{"start":{"line":30,"column":4},"end":{"line":34,"column":5}},"7":{"start":{"line":31,"column":6},"end":{"line":33,"column":8}},"8":{"start":{"line":37,"column":4},"end":{"line":37,"column":22}},"9":{"start":{"line":46,"column":23},"end":{"line":46,"column":33}},"10":{"start":{"line":48,"column":6},"end":{"line":48,"column":70}},"11":{"start":{"line":49,"column":4},"end":{"line":53,"column":5}},"12":{"start":{"line":60,"column":38},"end":{"line":60,"column":48}},"13":{"start":{"line":61,"column":6},"end":{"line":67,"column":7}},"14":{"start":{"line":64,"column":12},"end":{"line":64,"column":70}},"15":{"start":{"line":70,"column":2},"end":{"line":71,"column":21}},"16":{"start":{"line":72,"column":21},"end":{"line":74,"column":4}},"17":{"start":{"line":73,"column":4},"end":{"line":73,"column":45}},"18":{"start":{"line":75,"column":2},"end":{"line":75,"column":52}},"19":{"start":{"line":79,"column":2},"end":{"line":108,"column":3}},"20":{"start":{"line":82,"column":8},"end":{"line":105,"column":10}},"21":{"start":{"line":89,"column":12},"end":{"line":99,"column":13}},"22":{"start":{"line":90,"column":14},"end":{"line":93,"column":16}},"23":{"start":{"line":94,"column":19},"end":{"line":99,"column":13}},"24":{"start":{"line":95,"column":14},"end":{"line":98,"column":16}},"25":{"start":{"line":100,"column":12},"end":{"line":103,"column":14}},"26":{"start":{"line":112,"column":2},"end":{"line":133,"column":3}},"27":{"start":{"line":115,"column":8},"end":{"line":130,"column":14}},"28":{"start":{"line":124,"column":14},"end":{"line":127,"column":16}},"29":{"start":{"line":136,"column":21},"end":{"line":145,"column":2}},"30":{"start":{"line":137,"column":2},"end":{"line":144,"column":3}},"31":{"start":{"line":148,"column":2},"end":{"line":177,"column":3}},"32":{"start":{"line":152,"column":8},"end":{"line":165,"column":9}},"33":{"start":{"line":154,"column":12},"end":{"line":157,"column":13}},"34":{"start":{"line":159,"column":12},"end":{"line":162,"column":13}},"35":{"start":{"line":164,"column":12},"end":{"line":164,"column":24}},"36":{"start":{"line":169,"column":8},"end":{"line":174,"column":25}},"37":{"start":{"line":179,"column":0},"end":{"line":179,"column":29}}},"fnMap":{"0":{"name":"(anonymous_0)","decl":{"start":{"line":14,"column":13},"end":{"line":14,"column":14}},"loc":{"start":{"line":14,"column":22},"end":{"line":14,"column":27}},"line":14},"1":{"name":"(anonymous_1)","decl":{"start":{"line":17,"column":16},"end":{"line":17,"column":17}},"loc":{"start":{"line":17,"column":35},"end":{"line":22,"column":3}},"line":17},"2":{"name":"(anonymous_2)","decl":{"start":{"line":24,"column":10},"end":{"line":24,"column":11}},"loc":{"start":{"line":24,"column":16},"end":{"line":28,"column":3}},"line":24},"3":{"name":"(anonymous_3)","decl":{"start":{"line":29,"column":2},"end":{"line":29,"column":3}},"loc":{"start":{"line":29,"column":22},"end":{"line":35,"column":3}},"line":29},"4":{"name":"(anonymous_4)","decl":{"start":{"line":30,"column":44},"end":{"line":30,"column":45}},"loc":{"start":{"line":31,"column":6},"end":{"line":33,"column":8}},"line":31},"5":{"name":"(anonymous_5)","decl":{"start":{"line":36,"column":2},"end":{"line":36,"column":3}},"loc":{"start":{"line":36,"column":25},"end":{"line":38,"column":3}},"line":36},"6":{"name":"(anonymous_6)","decl":{"start":{"line":45,"column":2},"end":{"line":45,"column":3}},"loc":{"start":{"line":45,"column":11},"end":{"line":54,"column":3}},"line":45},"7":{"name":"withRendux","decl":{"start":{"line":57,"column":9},"end":{"line":57,"column":19}},"loc":{"start":{"line":57,"column":31},"end":{"line":76,"column":1}},"line":57},"8":{"name":"(anonymous_8)","decl":{"start":{"line":59,"column":4},"end":{"line":59,"column":5}},"loc":{"start":{"line":59,"column":13},"end":{"line":68,"column":5}},"line":59},"9":{"name":"(anonymous_9)","decl":{"start":{"line":63,"column":11},"end":{"line":63,"column":12}},"loc":{"start":{"line":64,"column":12},"end":{"line":64,"column":70}},"line":64},"10":{"name":"(anonymous_10)","decl":{"start":{"line":72,"column":38},"end":{"line":72,"column":39}},"loc":{"start":{"line":73,"column":4},"end":{"line":73,"column":45}},"line":73},"11":{"name":"MyInput","decl":{"start":{"line":78,"column":9},"end":{"line":78,"column":16}},"loc":{"start":{"line":78,"column":19},"end":{"line":109,"column":1}},"line":78},"12":{"name":"(anonymous_12)","decl":{"start":{"line":81,"column":7},"end":{"line":81,"column":8}},"loc":{"start":{"line":82,"column":8},"end":{"line":105,"column":10}},"line":82},"13":{"name":"(anonymous_13)","decl":{"start":{"line":88,"column":20},"end":{"line":88,"column":21}},"loc":{"start":{"line":88,"column":29},"end":{"line":104,"column":11}},"line":88},"14":{"name":"MySwitch","decl":{"start":{"line":111,"column":9},"end":{"line":111,"column":17}},"loc":{"start":{"line":111,"column":20},"end":{"line":134,"column":1}},"line":111},"15":{"name":"(anonymous_15)","decl":{"start":{"line":114,"column":7},"end":{"line":114,"column":8}},"loc":{"start":{"line":115,"column":8},"end":{"line":130,"column":14}},"line":115},"16":{"name":"(anonymous_16)","decl":{"start":{"line":123,"column":21},"end":{"line":123,"column":22}},"loc":{"start":{"line":124,"column":14},"end":{"line":127,"column":16}},"line":124},"17":{"name":"StatePrinter","decl":{"start":{"line":136,"column":41},"end":{"line":136,"column":53}},"loc":{"start":{"line":136,"column":64},"end":{"line":145,"column":1}},"line":136},"18":{"name":"Usage","decl":{"start":{"line":147,"column":9},"end":{"line":147,"column":14}},"loc":{"start":{"line":147,"column":17},"end":{"line":178,"column":1}},"line":147},"19":{"name":"(anonymous_19)","decl":{"start":{"line":151,"column":15},"end":{"line":151,"column":16}},"loc":{"start":{"line":151,"column":34},"end":{"line":166,"column":7}},"line":151},"20":{"name":"(anonymous_20)","decl":{"start":{"line":168,"column":7},"end":{"line":168,"column":8}},"loc":{"start":{"line":169,"column":8},"end":{"line":174,"column":25}},"line":169}},"branchMap":{"0":{"loc":{"start":{"line":18,"column":4},"end":{"line":20,"column":5}},"type":"if","locations":[{"start":{"line":18,"column":4},"end":{"line":20,"column":5}},{"start":{"line":18,"column":4},"end":{"line":20,"column":5}}],"line":18},"1":{"loc":{"start":{"line":48,"column":6},"end":{"line":48,"column":70}},"type":"cond-expr","locations":[{"start":{"line":48,"column":39},"end":{"line":48,"column":59}},{"start":{"line":48,"column":62},"end":{"line":48,"column":70}}],"line":48},"2":{"loc":{"start":{"line":70,"column":38},"end":{"line":71,"column":18}},"type":"binary-expr","locations":[{"start":{"line":70,"column":38},"end":{"line":70,"column":59}},{"start":{"line":71,"column":4},"end":{"line":71,"column":18}}],"line":70},"3":{"loc":{"start":{"line":84,"column":12},"end":{"line":85,"column":44}},"type":"binary-expr","locations":[{"start":{"line":84,"column":12},"end":{"line":84,"column":35}},{"start":{"line":85,"column":13},"end":{"line":85,"column":43}}],"line":84},"4":{"loc":{"start":{"line":85,"column":13},"end":{"line":85,"column":43}},"type":"cond-expr","locations":[{"start":{"line":85,"column":31},"end":{"line":85,"column":35}},{"start":{"line":85,"column":38},"end":{"line":85,"column":43}}],"line":85},"5":{"loc":{"start":{"line":89,"column":12},"end":{"line":99,"column":13}},"type":"if","locations":[{"start":{"line":89,"column":12},"end":{"line":99,"column":13}},{"start":{"line":89,"column":12},"end":{"line":99,"column":13}}],"line":89},"6":{"loc":{"start":{"line":94,"column":19},"end":{"line":99,"column":13}},"type":"if","locations":[{"start":{"line":94,"column":19},"end":{"line":99,"column":13}},{"start":{"line":94,"column":19},"end":{"line":99,"column":13}}],"line":94},"7":{"loc":{"start":{"line":152,"column":8},"end":{"line":165,"column":9}},"type":"switch","locations":[{"start":{"line":153,"column":10},"end":{"line":157,"column":13}},{"start":{"line":158,"column":10},"end":{"line":162,"column":13}},{"start":{"line":163,"column":10},"end":{"line":164,"column":24}}],"line":152}},"s":{"0":1,"1":0,"2":5,"3":1,"4":4,"5":1,"6":1,"7":4,"8":0,"9":4,"10":4,"11":4,"12":4,"13":4,"14":4,"15":1,"16":1,"17":4,"18":1,"19":4,"20":4,"21":2,"22":0,"23":2,"24":1,"25":2,"26":4,"27":4,"28":0,"29":1,"30":4,"31":1,"32":4,"33":1,"34":2,"35":1,"36":4,"37":1},"f":{"0":0,"1":5,"2":1,"3":1,"4":4,"5":0,"6":4,"7":1,"8":4,"9":4,"10":4,"11":4,"12":4,"13":2,"14":4,"15":4,"16":0,"17":4,"18":1,"19":4,"20":4},"b":{"0":[1,4],"1":[4,0],"2":[1,1],"3":[4,2],"4":[2,0],"5":[0,2],"6":[1,1],"7":[1,2,1]},"_coverageSchema":"332fd63041d2c1bcb487cc26dd0d5f7d97098a6c","hash":"83a2ea53a25ceedf0c5acfe1e39d0117949c14f1"}
}
