TN:
SF:/Users/schopra/Desktop/DailyCode/Learning/Javascript/FrontEndMasters/Advance-React-Patterns/advanced-react-patterns-v2/src/exercises-final/01.js
FN:6,(anonymous_0)
FN:8,(anonymous_1)
FN:9,(anonymous_2)
FN:13,(anonymous_3)
FN:19,Usage
FN:20,(anonymous_5)
FNF:6
FNH:5
FNDA:1,(anonymous_0)
FNDA:1,(anonymous_1)
FNDA:1,(anonymous_2)
FNDA:2,(anonymous_3)
FNDA:1,Usage
FNDA:0,(anonymous_5)
DA:7,1
DA:8,1
DA:10,1
DA:14,2
DA:15,2
DA:20,0
DA:22,1
DA:24,1
LF:8
LH:7
BRDA:20,0,0,0
BRF:1
BRH:0
end_of_record
TN:
SF:/Users/schopra/Desktop/DailyCode/Learning/Javascript/FrontEndMasters/Advance-React-Patterns/advanced-react-patterns-v2/src/exercises-final/02.js
FN:7,(anonymous_0)
FN:8,(anonymous_1)
FN:9,(anonymous_2)
FN:13,(anonymous_3)
FN:15,(anonymous_4)
FN:16,(anonymous_5)
FN:18,(anonymous_6)
FN:19,(anonymous_7)
FN:28,Usage
FN:29,(anonymous_9)
FNF:10
FNH:9
FNDA:2,(anonymous_0)
FNDA:2,(anonymous_1)
FNDA:2,(anonymous_2)
FNDA:1,(anonymous_3)
FNDA:1,(anonymous_4)
FNDA:1,(anonymous_5)
FNDA:2,(anonymous_6)
FNDA:6,(anonymous_7)
FNDA:1,Usage
FNDA:0,(anonymous_9)
DA:7,2
DA:8,2
DA:10,2
DA:14,1
DA:15,1
DA:16,1
DA:19,2
DA:20,6
DA:29,0
DA:31,1
DA:39,1
LF:11
LH:10
BRDA:7,0,0,1
BRDA:7,0,1,1
BRDA:8,1,0,1
BRDA:8,1,1,1
BRDA:29,2,0,0
BRF:5
BRH:4
end_of_record
TN:
SF:/Users/schopra/Desktop/DailyCode/Learning/Javascript/FrontEndMasters/Advance-React-Patterns/advanced-react-patterns-v2/src/exercises-final/03.js
FN:8,(anonymous_0)
FN:12,(anonymous_1)
FN:14,(anonymous_2)
FN:17,(anonymous_3)
FN:19,(anonymous_4)
FN:22,(anonymous_5)
FN:24,(anonymous_6)
FN:33,(anonymous_7)
FN:35,(anonymous_8)
FN:36,(anonymous_9)
FN:39,(anonymous_10)
FN:48,Usage
FN:49,(anonymous_12)
FNF:13
FNH:11
FNDA:0,(anonymous_0)
FNDA:1,(anonymous_1)
FNDA:2,(anonymous_2)
FNDA:1,(anonymous_3)
FNDA:2,(anonymous_4)
FNDA:1,(anonymous_5)
FNDA:2,(anonymous_6)
FNDA:1,(anonymous_7)
FNDA:1,(anonymous_8)
FNDA:1,(anonymous_9)
FNDA:2,(anonymous_10)
FNDA:1,Usage
FNDA:0,(anonymous_12)
DA:6,1
DA:13,1
DA:14,2
DA:18,1
DA:19,2
DA:23,1
DA:25,2
DA:34,1
DA:35,1
DA:36,1
DA:40,2
DA:49,0
DA:51,1
DA:61,1
LF:14
LH:13
BRDA:14,0,0,1
BRDA:14,0,1,1
BRDA:19,1,0,1
BRDA:19,1,1,1
BRDA:49,2,0,0
BRF:5
BRH:4
end_of_record
TN:
SF:/Users/schopra/Desktop/DailyCode/Learning/Javascript/FrontEndMasters/Advance-React-Patterns/advanced-react-patterns-v2/src/exercises-final/04.js
FN:8,(anonymous_0)
FN:10,(anonymous_1)
FN:11,(anonymous_2)
FN:13,(anonymous_3)
FN:19,(anonymous_4)
FN:24,Usage
FN:25,(anonymous_6)
FN:29,(anonymous_7)
FNF:8
FNH:7
FNDA:2,(anonymous_0)
FNDA:2,(anonymous_1)
FNDA:2,(anonymous_2)
FNDA:4,(anonymous_3)
FNDA:4,(anonymous_4)
FNDA:2,Usage
FNDA:0,(anonymous_6)
FNDA:4,(anonymous_7)
DA:9,2
DA:10,2
DA:11,2
DA:14,4
DA:20,4
DA:25,0
DA:27,2
DA:30,4
DA:42,1
LF:9
LH:8
BRDA:25,0,0,0
BRDA:31,1,0,2
BRDA:31,1,1,2
BRDA:35,2,0,2
BRDA:35,2,1,2
BRF:5
BRH:4
end_of_record
TN:
SF:/Users/schopra/Desktop/DailyCode/Learning/Javascript/FrontEndMasters/Advance-React-Patterns/advanced-react-patterns-v2/src/exercises-final/05.js
FN:8,(anonymous_0)
FN:10,(anonymous_1)
FN:11,(anonymous_2)
FN:13,(anonymous_3)
FN:23,(anonymous_4)
FN:28,Usage
FN:29,(anonymous_6)
FN:33,(anonymous_7)
FNF:8
FNH:7
FNDA:2,(anonymous_0)
FNDA:2,(anonymous_1)
FNDA:2,(anonymous_2)
FNDA:4,(anonymous_3)
FNDA:4,(anonymous_4)
FNDA:2,Usage
FNDA:0,(anonymous_6)
FNDA:4,(anonymous_7)
DA:9,2
DA:10,2
DA:11,2
DA:14,4
DA:24,4
DA:29,0
DA:31,2
DA:34,4
DA:45,1
LF:9
LH:8
BRDA:29,0,0,0
BRDA:38,1,0,2
BRDA:38,1,1,2
BRF:3
BRH:2
end_of_record
TN:
SF:/Users/schopra/Desktop/DailyCode/Learning/Javascript/FrontEndMasters/Advance-React-Patterns/advanced-react-patterns-v2/src/exercises-final/06.js
FN:6,(anonymous_0)
FN:6,(anonymous_1)
FN:7,(anonymous_2)
FN:11,(anonymous_3)
FN:13,(anonymous_4)
FN:14,(anonymous_5)
FN:16,(anonymous_6)
FN:21,(anonymous_7)
FN:28,(anonymous_8)
FN:33,Usage
FN:34,(anonymous_10)
FN:35,(anonymous_11)
FN:39,(anonymous_12)
FNF:13
FNH:11
FNDA:12,(anonymous_0)
FNDA:3,(anonymous_1)
FNDA:6,(anonymous_2)
FNDA:3,(anonymous_3)
FNDA:3,(anonymous_4)
FNDA:3,(anonymous_5)
FNDA:12,(anonymous_6)
FNDA:6,(anonymous_7)
FNDA:6,(anonymous_8)
FNDA:3,Usage
FNDA:0,(anonymous_10)
FNDA:0,(anonymous_11)
FNDA:6,(anonymous_12)
DA:6,12
DA:7,6
DA:12,3
DA:13,3
DA:14,3
DA:16,12
DA:22,6
DA:29,6
DA:34,0
DA:35,0
DA:37,3
DA:40,6
DA:57,1
LF:13
LH:11
BRDA:7,0,0,6
BRDA:7,0,1,5
BRDA:16,1,0,0
BRDA:34,2,0,0
BRDA:35,3,0,0
BRDA:50,4,0,3
BRDA:50,4,1,3
BRF:7
BRH:4
end_of_record
TN:
SF:/Users/schopra/Desktop/DailyCode/Learning/Javascript/FrontEndMasters/Advance-React-Patterns/advanced-react-patterns-v2/src/exercises-final/07.js
FN:6,(anonymous_0)
FN:6,(anonymous_1)
FN:7,(anonymous_2)
FN:12,(anonymous_3)
FN:16,(anonymous_4)
FN:17,(anonymous_5)
FN:20,(anonymous_6)
FN:22,(anonymous_7)
FN:23,(anonymous_8)
FN:25,(anonymous_9)
FN:30,(anonymous_10)
FN:38,(anonymous_11)
FN:43,Usage
FN:45,(anonymous_13)
FN:46,(anonymous_14)
FN:54,(anonymous_15)
FN:58,(anonymous_16)
FNF:17
FNH:14
FNDA:5,(anonymous_0)
FNDA:2,(anonymous_1)
FNDA:4,(anonymous_2)
FNDA:0,(anonymous_3)
FNDA:1,(anonymous_4)
FNDA:1,(anonymous_5)
FNDA:2,(anonymous_6)
FNDA:2,(anonymous_7)
FNDA:2,(anonymous_8)
FNDA:5,(anonymous_9)
FNDA:5,(anonymous_10)
FNDA:5,(anonymous_11)
FNDA:2,Usage
FNDA:0,(anonymous_13)
FNDA:0,(anonymous_14)
FNDA:5,(anonymous_15)
FNDA:1,(anonymous_16)
DA:6,5
DA:7,4
DA:17,1
DA:18,1
DA:21,2
DA:22,2
DA:23,2
DA:25,5
DA:31,5
DA:39,5
DA:45,0
DA:46,0
DA:48,2
DA:55,5
DA:58,1
DA:64,1
LF:16
LH:14
BRDA:7,0,0,4
BRDA:7,0,1,2
BRDA:25,1,0,0
BRDA:44,2,0,2
BRDA:45,3,0,0
BRDA:46,4,0,1
BRF:6
BRH:4
end_of_record
TN:
SF:/Users/schopra/Desktop/DailyCode/Learning/Javascript/FrontEndMasters/Advance-React-Patterns/advanced-react-patterns-v2/src/exercises-final/08.js
FN:6,(anonymous_0)
FN:6,(anonymous_1)
FN:7,(anonymous_2)
FN:12,(anonymous_3)
FN:13,(anonymous_4)
FN:17,(anonymous_5)
FN:18,(anonymous_6)
FN:34,(anonymous_7)
FN:35,(anonymous_8)
FN:38,(anonymous_9)
FN:40,(anonymous_10)
FN:41,(anonymous_11)
FN:43,(anonymous_12)
FN:48,(anonymous_13)
FN:56,(anonymous_14)
FN:63,(anonymous_15)
FN:64,(anonymous_16)
FN:68,(anonymous_17)
FN:69,(anonymous_18)
FN:74,(anonymous_19)
FN:78,(anonymous_20)
FN:84,(anonymous_21)
FN:92,(anonymous_22)
FNF:23
FNH:19
FNDA:20,(anonymous_0)
FNDA:8,(anonymous_1)
FNDA:16,(anonymous_2)
FNDA:0,(anonymous_3)
FNDA:0,(anonymous_4)
FNDA:9,(anonymous_5)
FNDA:9,(anonymous_6)
FNDA:1,(anonymous_7)
FNDA:1,(anonymous_8)
FNDA:8,(anonymous_9)
FNDA:8,(anonymous_10)
FNDA:8,(anonymous_11)
FNDA:20,(anonymous_12)
FNDA:20,(anonymous_13)
FNDA:20,(anonymous_14)
FNDA:0,(anonymous_15)
FNDA:0,(anonymous_16)
FNDA:8,(anonymous_17)
FNDA:8,(anonymous_18)
FNDA:1,(anonymous_19)
FNDA:9,(anonymous_20)
FNDA:11,(anonymous_21)
FNDA:20,(anonymous_22)
DA:6,20
DA:7,16
DA:13,0
DA:18,9
DA:21,9
DA:25,9
DA:29,9
DA:35,1
DA:36,1
DA:39,8
DA:40,8
DA:41,8
DA:43,20
DA:49,20
DA:57,20
DA:63,0
DA:64,0
DA:69,8
DA:72,8
DA:75,1
DA:76,1
DA:79,9
DA:80,3
DA:82,6
DA:85,11
DA:86,11
DA:93,20
DA:116,1
LF:28
LH:25
BRDA:7,0,0,16
BRDA:7,0,1,8
BRDA:21,1,0,8
BRDA:21,1,1,1
BRDA:25,2,0,9
BRDA:25,2,1,0
BRDA:29,3,0,9
BRDA:29,3,1,0
BRDA:43,4,0,0
BRDA:79,5,0,3
BRDA:79,5,1,6
BRDA:99,6,0,4
BRDA:99,6,1,16
BRDA:104,7,0,10
BRDA:104,7,1,6
BRF:15
BRH:12
end_of_record
TN:
SF:/Users/schopra/Desktop/DailyCode/Learning/Javascript/FrontEndMasters/Advance-React-Patterns/advanced-react-patterns-v2/src/exercises-final/09.js
FN:6,(anonymous_0)
FN:6,(anonymous_1)
FN:7,(anonymous_2)
FN:12,(anonymous_3)
FN:13,(anonymous_4)
FN:25,(anonymous_5)
FN:26,(anonymous_6)
FN:43,(anonymous_7)
FN:46,(anonymous_8)
FN:48,(anonymous_9)
FN:50,(anonymous_10)
FN:51,(anonymous_11)
FN:53,(anonymous_12)
FN:54,(anonymous_13)
FN:58,(anonymous_14)
FN:66,(anonymous_15)
FN:73,(anonymous_16)
FN:74,(anonymous_17)
FN:78,(anonymous_18)
FN:79,(anonymous_19)
FN:84,(anonymous_20)
FN:88,(anonymous_21)
FN:97,(anonymous_22)
FN:106,(anonymous_23)
FN:117,(anonymous_24)
FNF:25
FNH:21
FNDA:22,(anonymous_0)
FNDA:8,(anonymous_1)
FNDA:16,(anonymous_2)
FNDA:0,(anonymous_3)
FNDA:0,(anonymous_4)
FNDA:10,(anonymous_5)
FNDA:10,(anonymous_6)
FNDA:1,(anonymous_7)
FNDA:1,(anonymous_8)
FNDA:9,(anonymous_9)
FNDA:9,(anonymous_10)
FNDA:9,(anonymous_11)
FNDA:22,(anonymous_12)
FNDA:8,(anonymous_13)
FNDA:22,(anonymous_14)
FNDA:22,(anonymous_15)
FNDA:0,(anonymous_16)
FNDA:0,(anonymous_17)
FNDA:9,(anonymous_18)
FNDA:9,(anonymous_19)
FNDA:1,(anonymous_20)
FNDA:10,(anonymous_21)
FNDA:12,(anonymous_22)
FNDA:22,(anonymous_23)
FNDA:1,(anonymous_24)
DA:6,22
DA:7,16
DA:13,0
DA:26,10
DA:29,10
DA:33,10
DA:36,10
DA:39,10
DA:44,1
DA:46,1
DA:49,9
DA:50,9
DA:51,9
DA:53,22
DA:54,8
DA:59,22
DA:67,22
DA:73,0
DA:74,0
DA:79,9
DA:82,9
DA:85,1
DA:86,1
DA:89,10
DA:90,1
DA:92,9
DA:93,3
DA:95,6
DA:98,12
DA:99,12
DA:107,22
DA:117,1
DA:134,1
LF:33
LH:30
BRDA:7,0,0,16
BRDA:7,0,1,8
BRDA:29,1,0,9
BRDA:29,1,1,1
BRDA:33,2,0,10
BRDA:33,2,1,0
BRDA:39,3,0,10
BRDA:39,3,1,0
BRDA:48,4,0,8
BRDA:48,5,0,8
BRDA:53,6,0,0
BRDA:89,7,0,1
BRDA:89,7,1,9
BRDA:92,8,0,3
BRDA:92,8,1,6
BRDA:113,9,0,6
BRDA:113,9,1,16
BRDA:122,10,0,10
BRDA:122,10,1,6
BRF:19
BRH:16
end_of_record
TN:
SF:/Users/schopra/Desktop/DailyCode/Learning/Javascript/FrontEndMasters/Advance-React-Patterns/advanced-react-patterns-v2/src/exercises-final/10-primer.js
FN:8,(anonymous_0)
FN:11,(anonymous_1)
FN:16,(anonymous_2)
FN:21,(anonymous_3)
FN:22,(anonymous_4)
FN:28,(anonymous_5)
FN:36,(anonymous_6)
FN:39,(anonymous_7)
FNF:8
FNH:8
FNDA:14,(anonymous_0)
FNDA:11,(anonymous_1)
FNDA:3,(anonymous_2)
FNDA:1,(anonymous_3)
FNDA:1,(anonymous_4)
FNDA:8,(anonymous_5)
FNDA:2,(anonymous_6)
FNDA:3,(anonymous_7)
DA:9,14
DA:12,11
DA:17,3
DA:18,2
DA:20,1
DA:21,1
DA:23,1
DA:29,8
DA:30,8
DA:37,2
DA:40,3
DA:41,3
DA:42,3
DA:58,1
LF:14
LH:14
BRDA:13,0,0,8
BRDA:13,0,1,3
BRDA:17,1,0,2
BRDA:17,1,1,1
BRF:4
BRH:4
end_of_record
TN:
SF:/Users/schopra/Desktop/DailyCode/Learning/Javascript/FrontEndMasters/Advance-React-Patterns/advanced-react-patterns-v2/src/exercises-final/10.js
FN:6,(anonymous_0)
FN:6,(anonymous_1)
FN:7,(anonymous_2)
FN:12,(anonymous_3)
FN:13,(anonymous_4)
FN:14,(anonymous_5)
FN:15,(anonymous_6)
FN:23,(anonymous_7)
FN:26,(anonymous_8)
FN:28,(anonymous_9)
FN:39,(anonymous_10)
FN:39,(anonymous_11)
FN:42,(anonymous_12)
FN:59,(anonymous_13)
FN:75,(anonymous_14)
FN:85,(anonymous_15)
FN:88,(anonymous_16)
FN:90,(anonymous_17)
FN:92,(anonymous_18)
FN:93,(anonymous_19)
FN:95,(anonymous_20)
FN:96,(anonymous_21)
FN:100,(anonymous_22)
FN:108,(anonymous_23)
FN:115,(anonymous_24)
FN:116,(anonymous_25)
FN:120,(anonymous_26)
FN:122,(anonymous_27)
FN:126,(anonymous_28)
FN:131,(anonymous_29)
FN:135,(anonymous_30)
FN:141,(anonymous_31)
FN:149,(anonymous_32)
FN:160,(anonymous_33)
FNF:34
FNH:30
FNDA:12,(anonymous_0)
FNDA:8,(anonymous_1)
FNDA:16,(anonymous_2)
FNDA:1,(anonymous_3)
FNDA:9,(anonymous_4)
FNDA:0,(anonymous_5)
FNDA:10,(anonymous_6)
FNDA:64,(anonymous_7)
FNDA:54,(anonymous_8)
FNDA:54,(anonymous_9)
FNDA:10,(anonymous_10)
FNDA:0,(anonymous_11)
FNDA:10,(anonymous_12)
FNDA:10,(anonymous_13)
FNDA:10,(anonymous_14)
FNDA:1,(anonymous_15)
FNDA:1,(anonymous_16)
FNDA:9,(anonymous_17)
FNDA:9,(anonymous_18)
FNDA:9,(anonymous_19)
FNDA:12,(anonymous_20)
FNDA:8,(anonymous_21)
FNDA:22,(anonymous_22)
FNDA:12,(anonymous_23)
FNDA:0,(anonymous_24)
FNDA:0,(anonymous_25)
FNDA:10,(anonymous_26)
FNDA:1,(anonymous_27)
FNDA:1,(anonymous_28)
FNDA:8,(anonymous_29)
FNDA:8,(anonymous_30)
FNDA:12,(anonymous_31)
FNDA:12,(anonymous_32)
FNDA:1,(anonymous_33)
DA:6,12
DA:7,16
DA:15,10
DA:24,64
DA:27,54
DA:29,54
DA:30,54
DA:32,0
DA:34,54
DA:41,10
DA:43,10
DA:46,10
DA:51,10
DA:55,10
DA:57,10
DA:60,10
DA:61,0
DA:67,10
DA:71,10
DA:77,10
DA:81,10
DA:86,1
DA:88,1
DA:91,9
DA:92,9
DA:93,9
DA:95,12
DA:96,8
DA:101,22
DA:109,12
DA:115,0
DA:116,0
DA:121,10
DA:122,1
DA:123,1
DA:125,9
DA:126,1
DA:127,1
DA:129,8
DA:130,8
DA:131,8
DA:136,8
DA:142,12
DA:143,12
DA:150,12
DA:160,1
DA:177,1
LF:47
LH:43
BRDA:7,0,0,16
BRDA:7,0,1,8
BRDA:26,1,0,44
BRDA:29,2,0,54
BRDA:29,2,1,0
BRDA:39,3,0,0
BRDA:46,4,0,9
BRDA:46,4,1,1
BRDA:52,5,0,10
BRDA:52,5,1,0
BRDA:60,6,0,0
BRDA:60,6,1,10
BRDA:61,7,0,0
BRDA:61,7,1,0
BRDA:71,8,0,0
BRDA:71,8,1,10
BRDA:71,9,0,10
BRDA:71,9,1,0
BRDA:90,10,0,8
BRDA:90,11,0,8
BRDA:95,12,0,0
BRDA:121,13,0,1
BRDA:121,13,1,9
BRDA:125,14,0,1
BRDA:125,14,1,8
BRDA:129,15,0,8
BRDA:129,15,1,0
BRDA:133,16,0,2
BRDA:133,16,1,6
BRDA:156,17,0,3
BRDA:156,17,1,9
BRDA:165,18,0,6
BRDA:165,18,1,3
BRF:33
BRH:23
end_of_record
TN:
SF:/Users/schopra/Desktop/DailyCode/Learning/Javascript/FrontEndMasters/Advance-React-Patterns/advanced-react-patterns-v2/src/exercises-final/11.js
FN:8,(anonymous_0)
FN:9,(anonymous_1)
FN:10,(anonymous_2)
FN:13,(anonymous_3)
FN:13,(anonymous_4)
FN:14,(anonymous_5)
FN:19,(anonymous_6)
FN:20,(anonymous_7)
FN:21,(anonymous_8)
FN:22,(anonymous_9)
FN:30,(anonymous_10)
FN:33,(anonymous_11)
FN:35,(anonymous_12)
FN:37,(anonymous_13)
FN:38,(anonymous_14)
FN:40,(anonymous_15)
FN:41,(anonymous_16)
FN:52,(anonymous_17)
FN:55,(anonymous_18)
FN:57,(anonymous_19)
FN:68,(anonymous_20)
FN:68,(anonymous_21)
FN:71,(anonymous_22)
FN:88,(anonymous_23)
FN:104,(anonymous_24)
FN:111,(anonymous_25)
FN:130,Nav
FN:133,(anonymous_27)
FN:152,NavSwitch
FN:157,(anonymous_29)
FN:161,(anonymous_30)
FN:173,Header
FN:182,Subtitle
FN:185,(anonymous_33)
FN:190,Title
FN:195,(anonymous_35)
FN:203,Article
FN:207,(anonymous_37)
FN:219,(anonymous_38)
FN:233,Post
FN:242,Usage
FNF:41
FNH:34
FNDA:0,(anonymous_0)
FNDA:0,(anonymous_1)
FNDA:0,(anonymous_2)
FNDA:2,(anonymous_3)
FNDA:1,(anonymous_4)
FNDA:2,(anonymous_5)
FNDA:0,(anonymous_6)
FNDA:1,(anonymous_7)
FNDA:2,(anonymous_8)
FNDA:2,(anonymous_9)
FNDA:0,(anonymous_10)
FNDA:0,(anonymous_11)
FNDA:2,(anonymous_12)
FNDA:2,(anonymous_13)
FNDA:2,(anonymous_14)
FNDA:2,(anonymous_15)
FNDA:1,(anonymous_16)
FNDA:32,(anonymous_17)
FNDA:6,(anonymous_18)
FNDA:24,(anonymous_19)
FNDA:2,(anonymous_20)
FNDA:0,(anonymous_21)
FNDA:2,(anonymous_22)
FNDA:8,(anonymous_23)
FNDA:2,(anonymous_24)
FNDA:4,(anonymous_25)
FNDA:1,Nav
FNDA:2,(anonymous_27)
FNDA:1,NavSwitch
FNDA:2,(anonymous_29)
FNDA:2,(anonymous_30)
FNDA:1,Header
FNDA:1,Subtitle
FNDA:2,(anonymous_33)
FNDA:1,Title
FNDA:2,(anonymous_35)
FNDA:1,Article
FNDA:2,(anonymous_37)
FNDA:2,(anonymous_38)
FNDA:1,Post
FNDA:1,Usage
DA:6,1
DA:10,0
DA:13,2
DA:14,2
DA:22,2
DA:31,0
DA:33,0
DA:36,2
DA:37,2
DA:38,2
DA:40,2
DA:41,1
DA:53,32
DA:56,6
DA:58,24
DA:59,0
DA:61,24
DA:63,24
DA:70,2
DA:72,2
DA:75,2
DA:80,2
DA:84,2
DA:86,2
DA:89,8
DA:90,8
DA:96,8
DA:100,2
DA:106,2
DA:107,2
DA:119,4
DA:121,4
DA:122,4
DA:131,1
DA:134,2
DA:153,1
DA:157,2
DA:162,2
DA:174,1
DA:183,1
DA:185,2
DA:191,1
DA:195,2
DA:204,1
DA:208,2
DA:220,2
DA:234,1
DA:243,1
DA:252,1
LF:49
LH:45
BRDA:14,0,0,2
BRDA:14,0,1,1
BRDA:35,1,0,1
BRDA:35,2,0,1
BRDA:40,3,0,0
BRDA:55,4,0,4
BRDA:58,5,0,0
BRDA:58,5,1,24
BRDA:68,6,0,0
BRDA:75,7,0,2
BRDA:75,7,1,0
BRDA:81,8,0,2
BRDA:81,8,1,0
BRDA:89,9,0,8
BRDA:89,9,1,0
BRDA:90,10,0,2
BRDA:90,10,1,6
BRDA:100,11,0,2
BRDA:100,11,1,0
BRDA:100,12,0,2
BRDA:100,12,1,0
BRDA:121,13,0,2
BRDA:121,13,1,2
BRDA:137,14,0,1
BRDA:137,14,1,1
BRDA:140,15,0,1
BRDA:140,15,1,1
BRDA:143,16,0,1
BRDA:143,16,1,1
BRDA:157,17,0,1
BRDA:157,17,1,1
BRDA:185,18,0,1
BRDA:185,18,1,1
BRDA:195,19,0,1
BRDA:195,19,1,1
BRDA:210,20,0,1
BRDA:210,20,1,1
BRDA:212,21,0,1
BRDA:212,21,1,1
BRDA:222,22,0,1
BRDA:222,22,1,1
BRDA:224,23,0,1
BRDA:224,23,1,1
BRDA:225,24,0,1
BRDA:225,24,1,1
BRF:45
BRH:37
end_of_record
TN:
SF:/Users/schopra/Desktop/DailyCode/Learning/Javascript/FrontEndMasters/Advance-React-Patterns/advanced-react-patterns-v2/src/exercises-final/12.js
FN:9,(anonymous_0)
FN:10,(anonymous_1)
FN:11,(anonymous_2)
FN:14,(anonymous_3)
FN:14,(anonymous_4)
FN:15,(anonymous_5)
FN:20,(anonymous_6)
FN:21,(anonymous_7)
FN:22,(anonymous_8)
FN:23,(anonymous_9)
FN:31,(anonymous_10)
FN:34,(anonymous_11)
FN:36,(anonymous_12)
FN:38,(anonymous_13)
FN:39,(anonymous_14)
FN:41,(anonymous_15)
FN:42,(anonymous_16)
FN:53,(anonymous_17)
FN:56,(anonymous_18)
FN:58,(anonymous_19)
FN:69,(anonymous_20)
FN:69,(anonymous_21)
FN:72,(anonymous_22)
FN:89,(anonymous_23)
FN:105,(anonymous_24)
FN:112,(anonymous_25)
FN:124,withToggle
FN:125,Wrapper
FN:128,(anonymous_28)
FN:151,(anonymous_29)
FN:161,Nav
FN:164,(anonymous_31)
FN:183,NavSwitch
FN:188,(anonymous_33)
FN:192,(anonymous_34)
FN:204,Header
FN:217,(anonymous_36)
FN:224,Title
FN:229,(anonymous_38)
FN:239,Article
FN:243,(anonymous_40)
FN:255,(anonymous_41)
FN:269,Post
FN:278,Usage
FNF:44
FNH:37
FNDA:0,(anonymous_0)
FNDA:0,(anonymous_1)
FNDA:0,(anonymous_2)
FNDA:2,(anonymous_3)
FNDA:1,(anonymous_4)
FNDA:2,(anonymous_5)
FNDA:0,(anonymous_6)
FNDA:1,(anonymous_7)
FNDA:1,(anonymous_8)
FNDA:1,(anonymous_9)
FNDA:0,(anonymous_10)
FNDA:0,(anonymous_11)
FNDA:1,(anonymous_12)
FNDA:1,(anonymous_13)
FNDA:1,(anonymous_14)
FNDA:2,(anonymous_15)
FNDA:1,(anonymous_16)
FNDA:20,(anonymous_17)
FNDA:4,(anonymous_18)
FNDA:16,(anonymous_19)
FNDA:1,(anonymous_20)
FNDA:0,(anonymous_21)
FNDA:1,(anonymous_22)
FNDA:4,(anonymous_23)
FNDA:1,(anonymous_24)
FNDA:2,(anonymous_25)
FNDA:1,withToggle
FNDA:1,Wrapper
FNDA:2,(anonymous_28)
FNDA:2,(anonymous_29)
FNDA:1,Nav
FNDA:2,(anonymous_31)
FNDA:1,NavSwitch
FNDA:2,(anonymous_33)
FNDA:2,(anonymous_34)
FNDA:1,Header
FNDA:1,(anonymous_36)
FNDA:1,Title
FNDA:2,(anonymous_38)
FNDA:1,Article
FNDA:2,(anonymous_40)
FNDA:2,(anonymous_41)
FNDA:1,Post
FNDA:1,Usage
DA:7,1
DA:11,0
DA:14,2
DA:15,2
DA:23,1
DA:32,0
DA:34,0
DA:37,1
DA:38,1
DA:39,1
DA:41,2
DA:42,1
DA:54,20
DA:57,4
DA:59,16
DA:60,0
DA:62,16
DA:64,16
DA:71,1
DA:73,1
DA:76,1
DA:81,1
DA:85,1
DA:87,1
DA:90,4
DA:91,4
DA:97,4
DA:101,1
DA:107,1
DA:108,1
DA:113,2
DA:115,2
DA:116,2
DA:126,1
DA:129,2
DA:134,1
DA:136,1
DA:145,1
DA:152,2
DA:162,1
DA:165,2
DA:184,1
DA:188,2
DA:193,2
DA:205,1
DA:218,1
DA:225,1
DA:229,2
DA:240,1
DA:244,2
DA:256,2
DA:270,1
DA:279,1
DA:288,1
LF:54
LH:50
BRDA:15,0,0,2
BRDA:15,0,1,1
BRDA:36,1,0,1
BRDA:36,2,0,1
BRDA:41,3,0,0
BRDA:56,4,0,3
BRDA:59,5,0,0
BRDA:59,5,1,16
BRDA:69,6,0,0
BRDA:76,7,0,1
BRDA:76,7,1,0
BRDA:82,8,0,1
BRDA:82,8,1,0
BRDA:90,9,0,4
BRDA:90,9,1,0
BRDA:91,10,0,1
BRDA:91,10,1,3
BRDA:101,11,0,1
BRDA:101,11,1,0
BRDA:101,12,0,1
BRDA:101,12,1,0
BRDA:115,13,0,0
BRDA:115,13,1,2
BRDA:134,14,0,1
BRDA:134,14,1,0
BRDA:154,15,0,1
BRDA:154,15,1,1
BRDA:168,16,0,1
BRDA:168,16,1,1
BRDA:171,17,0,1
BRDA:171,17,1,1
BRDA:174,18,0,1
BRDA:174,18,1,1
BRDA:188,19,0,1
BRDA:188,19,1,1
BRDA:229,20,0,1
BRDA:229,20,1,1
BRDA:246,21,0,1
BRDA:246,21,1,1
BRDA:248,22,0,1
BRDA:248,22,1,1
BRDA:258,23,0,1
BRDA:258,23,1,1
BRDA:260,24,0,1
BRDA:260,24,1,1
BRDA:261,25,0,1
BRDA:261,25,1,1
BRF:47
BRH:37
end_of_record
TN:
SF:/Users/schopra/Desktop/DailyCode/Learning/Javascript/FrontEndMasters/Advance-React-Patterns/advanced-react-patterns-v2/src/exercises-final/13.js
FN:14,(anonymous_0)
FN:17,(anonymous_1)
FN:24,(anonymous_2)
FN:29,(anonymous_3)
FN:30,(anonymous_4)
FN:36,(anonymous_5)
FN:45,(anonymous_6)
FN:57,withRendux
FN:59,(anonymous_8)
FN:63,(anonymous_9)
FN:72,(anonymous_10)
FN:78,MyInput
FN:81,(anonymous_12)
FN:88,(anonymous_13)
FN:111,MySwitch
FN:114,(anonymous_15)
FN:123,(anonymous_16)
FN:136,StatePrinter
FN:147,Usage
FN:151,(anonymous_19)
FN:168,(anonymous_20)
FNF:21
FNH:18
FNDA:0,(anonymous_0)
FNDA:5,(anonymous_1)
FNDA:1,(anonymous_2)
FNDA:1,(anonymous_3)
FNDA:4,(anonymous_4)
FNDA:0,(anonymous_5)
FNDA:4,(anonymous_6)
FNDA:1,withRendux
FNDA:4,(anonymous_8)
FNDA:4,(anonymous_9)
FNDA:4,(anonymous_10)
FNDA:4,MyInput
FNDA:4,(anonymous_12)
FNDA:2,(anonymous_13)
FNDA:4,MySwitch
FNDA:4,(anonymous_15)
FNDA:0,(anonymous_16)
FNDA:4,StatePrinter
FNDA:1,Usage
FNDA:4,(anonymous_19)
FNDA:4,(anonymous_20)
DA:8,1
DA:14,0
DA:18,5
DA:19,1
DA:21,4
DA:25,1
DA:30,1
DA:31,4
DA:37,0
DA:46,4
DA:48,4
DA:49,4
DA:60,4
DA:61,4
DA:64,4
DA:70,1
DA:72,1
DA:73,4
DA:75,1
DA:79,4
DA:82,4
DA:89,2
DA:90,0
DA:94,2
DA:95,1
DA:100,2
DA:112,4
DA:115,4
DA:124,0
DA:136,1
DA:137,4
DA:148,1
DA:152,4
DA:154,1
DA:159,2
DA:164,1
DA:169,4
DA:179,1
LF:38
LH:34
BRDA:18,0,0,1
BRDA:18,0,1,4
BRDA:48,1,0,4
BRDA:48,1,1,0
BRDA:70,2,0,1
BRDA:70,2,1,1
BRDA:84,3,0,4
BRDA:84,3,1,2
BRDA:85,4,0,2
BRDA:85,4,1,0
BRDA:89,5,0,0
BRDA:89,5,1,2
BRDA:94,6,0,1
BRDA:94,6,1,1
BRDA:152,7,0,1
BRDA:152,7,1,2
BRDA:152,7,2,1
BRF:17
BRH:14
end_of_record
